<?xml version="1.0" encoding="utf-8"?>
<CoverageSession xmlns:xsd="http://www.w3.org/2001/XMLSchema" xmlns:xsi="http://www.w3.org/2001/XMLSchema-instance" Version="4.6.0.0">
  <Summary numSequencePoints="576" visitedSequencePoints="33" numBranchPoints="214" visitedBranchPoints="11" sequenceCoverage="5.73" branchCoverage="5.14" maxCyclomaticComplexity="12" minCyclomaticComplexity="1" maxCrapScore="156" minCrapScore="1" visitedClasses="6" numClasses="38" visitedMethods="8" numMethods="104" />
  <Modules>
    <Module hash="60-73-71-32-E3-3E-FC-ED-0E-0D-BD-97-66-FF-CF-23-59-21-27-0A">
      <Summary numSequencePoints="15" visitedSequencePoints="15" numBranchPoints="4" visitedBranchPoints="4" sequenceCoverage="100" branchCoverage="100" maxCyclomaticComplexity="1" minCyclomaticComplexity="1" maxCrapScore="2" minCrapScore="1" visitedClasses="3" numClasses="3" visitedMethods="4" numMethods="4" />
      <ModulePath>C:\Users\Admin\source\repos\Auction\Tests\bin\Debug\Tests.dll</ModulePath>
      <ModuleTime>2019-01-10T13:09:27.1164055Z</ModuleTime>
      <ModuleName>Tests</ModuleName>
      <Files>
        <File uid="1" fullPath="C:\Users\Admin\source\repos\Auction\Tests\BllTests_lotservice.cs" />
      </Files>
      <Classes>
        <Class>
          <Summary numSequencePoints="13" visitedSequencePoints="13" numBranchPoints="2" visitedBranchPoints="2" sequenceCoverage="100" branchCoverage="100" maxCyclomaticComplexity="1" minCyclomaticComplexity="1" maxCrapScore="2" minCrapScore="1" visitedClasses="1" numClasses="1" visitedMethods="2" numMethods="2" />
          <FullName>Tests.BllTests_lotservice</FullName>
          <Methods>
            <Method visited="true" cyclomaticComplexity="1" nPathComplexity="0" sequenceCoverage="100" branchCoverage="100" crapScore="1" isConstructor="false" isStatic="false" isGetter="false" isSetter="false">
              <Summary numSequencePoints="6" visitedSequencePoints="6" numBranchPoints="1" visitedBranchPoints="1" sequenceCoverage="100" branchCoverage="100" maxCyclomaticComplexity="1" minCyclomaticComplexity="1" maxCrapScore="1" minCrapScore="1" visitedClasses="0" numClasses="0" visitedMethods="1" numMethods="1" />
              <MetadataToken>100663297</MetadataToken>
              <Name>System.Void Tests.BllTests_lotservice::CreateLot_AcceptIdOfNotExistingItem_ThrowException()</Name>
              <FileRef uid="1" />
              <SequencePoints>
                <SequencePoint vc="1" uspid="1" ordinal="0" offset="6" sl="23" sc="9" el="23" ec="10" bec="0" bev="0" fileid="1">
                  <TrackedMethodRefs>
                    <TrackedMethodRef uid="1" vc="1" />
                  </TrackedMethodRefs>
                </SequencePoint>
                <SequencePoint vc="1" uspid="2" ordinal="1" offset="7" sl="25" sc="13" el="25" ec="48" bec="0" bev="0" fileid="1">
                  <TrackedMethodRefs>
                    <TrackedMethodRef uid="1" vc="1" />
                  </TrackedMethodRefs>
                </SequencePoint>
                <SequencePoint vc="1" uspid="3" ordinal="2" offset="13" sl="26" sc="13" el="26" ec="72" bec="0" bev="0" fileid="1">
                  <TrackedMethodRefs>
                    <TrackedMethodRef uid="1" vc="1" />
                  </TrackedMethodRefs>
                </SequencePoint>
                <SequencePoint vc="1" uspid="4" ordinal="3" offset="181" sl="27" sc="13" el="27" ec="51" bec="0" bev="0" fileid="1">
                  <TrackedMethodRefs>
                    <TrackedMethodRef uid="1" vc="1" />
                  </TrackedMethodRefs>
                </SequencePoint>
                <SequencePoint vc="1" uspid="5" ordinal="4" offset="198" sl="31" sc="13" el="31" ec="78" bec="0" bev="0" fileid="1">
                  <TrackedMethodRefs>
                    <TrackedMethodRef uid="1" vc="1" />
                  </TrackedMethodRefs>
                </SequencePoint>
                <SequencePoint vc="1" uspid="6" ordinal="5" offset="226" sl="32" sc="9" el="32" ec="10" bec="0" bev="0" fileid="1">
                  <TrackedMethodRefs>
                    <TrackedMethodRef uid="1" vc="1" />
                  </TrackedMethodRefs>
                </SequencePoint>
              </SequencePoints>
              <BranchPoints />
              <MethodPoint vc="1" uspid="7" ordinal="0" offset="0">
                <TrackedMethodRefs>
                  <TrackedMethodRef uid="1" vc="1" />
                </TrackedMethodRefs>
              </MethodPoint>
            </Method>
            <Method visited="true" cyclomaticComplexity="1" nPathComplexity="0" sequenceCoverage="100" branchCoverage="100" crapScore="1" isConstructor="false" isStatic="false" isGetter="false" isSetter="false">
              <Summary numSequencePoints="7" visitedSequencePoints="7" numBranchPoints="1" visitedBranchPoints="1" sequenceCoverage="100" branchCoverage="100" maxCyclomaticComplexity="1" minCyclomaticComplexity="1" maxCrapScore="1" minCrapScore="1" visitedClasses="0" numClasses="0" visitedMethods="1" numMethods="1" />
              <MetadataToken>100663298</MetadataToken>
              <Name>System.Void Tests.BllTests_lotservice::CreateLot_AcceptIdOfNotConfirmedItem_ThrowException()</Name>
              <FileRef uid="1" />
              <SequencePoints>
                <SequencePoint vc="1" uspid="8" ordinal="0" offset="6" sl="35" sc="9" el="35" ec="10" bec="0" bev="0" fileid="1">
                  <TrackedMethodRefs>
                    <TrackedMethodRef uid="2" vc="1" />
                  </TrackedMethodRefs>
                </SequencePoint>
                <SequencePoint vc="1" uspid="9" ordinal="1" offset="7" sl="37" sc="13" el="37" ec="48" bec="0" bev="0" fileid="1">
                  <TrackedMethodRefs>
                    <TrackedMethodRef uid="2" vc="1" />
                  </TrackedMethodRefs>
                </SequencePoint>
                <SequencePoint vc="1" uspid="10" ordinal="2" offset="13" sl="38" sc="13" el="38" ec="100" bec="0" bev="0" fileid="1">
                  <TrackedMethodRefs>
                    <TrackedMethodRef uid="2" vc="1" />
                  </TrackedMethodRefs>
                </SequencePoint>
                <SequencePoint vc="1" uspid="11" ordinal="3" offset="158" sl="39" sc="13" el="39" ec="51" bec="0" bev="0" fileid="1">
                  <TrackedMethodRefs>
                    <TrackedMethodRef uid="2" vc="1" />
                  </TrackedMethodRefs>
                </SequencePoint>
                <SequencePoint vc="1" uspid="12" ordinal="4" offset="175" sl="41" sc="13" el="41" ec="107" bec="0" bev="0" fileid="1">
                  <TrackedMethodRefs>
                    <TrackedMethodRef uid="2" vc="1" />
                  </TrackedMethodRefs>
                </SequencePoint>
                <SequencePoint vc="1" uspid="13" ordinal="5" offset="208" sl="43" sc="13" el="43" ec="55" bec="0" bev="0" fileid="1">
                  <TrackedMethodRefs>
                    <TrackedMethodRef uid="2" vc="1" />
                  </TrackedMethodRefs>
                </SequencePoint>
                <SequencePoint vc="1" uspid="14" ordinal="6" offset="220" sl="44" sc="9" el="44" ec="10" bec="0" bev="0" fileid="1">
                  <TrackedMethodRefs>
                    <TrackedMethodRef uid="2" vc="1" />
                  </TrackedMethodRefs>
                </SequencePoint>
              </SequencePoints>
              <BranchPoints />
              <MethodPoint vc="1" uspid="15" ordinal="0" offset="0">
                <TrackedMethodRefs>
                  <TrackedMethodRef uid="2" vc="1" />
                </TrackedMethodRefs>
              </MethodPoint>
            </Method>
            <Method visited="false" cyclomaticComplexity="1" nPathComplexity="0" sequenceCoverage="0" branchCoverage="0" crapScore="2" isConstructor="true" isStatic="false" isGetter="false" isSetter="false">
              <Summary numSequencePoints="0" visitedSequencePoints="0" numBranchPoints="0" visitedBranchPoints="0" sequenceCoverage="0" branchCoverage="0" maxCyclomaticComplexity="1" minCyclomaticComplexity="1" maxCrapScore="2" minCrapScore="2" visitedClasses="0" numClasses="0" visitedMethods="0" numMethods="0" />
              <MetadataToken>100663299</MetadataToken>
              <Name>System.Void Tests.BllTests_lotservice::.ctor()</Name>
              <SequencePoints />
              <BranchPoints />
              <MethodPoint vc="0" uspid="16" ordinal="0" offset="0" />
            </Method>
          </Methods>
        </Class>
        <Class>
          <Summary numSequencePoints="1" visitedSequencePoints="1" numBranchPoints="1" visitedBranchPoints="1" sequenceCoverage="100" branchCoverage="100" maxCyclomaticComplexity="1" minCyclomaticComplexity="1" maxCrapScore="2" minCrapScore="1" visitedClasses="1" numClasses="1" visitedMethods="1" numMethods="1" />
          <FullName>Tests.BllTests_lotservice/&lt;&gt;c__DisplayClass0_0</FullName>
          <Methods>
            <Method visited="false" cyclomaticComplexity="1" nPathComplexity="0" sequenceCoverage="0" branchCoverage="0" crapScore="2" isConstructor="true" isStatic="false" isGetter="false" isSetter="false">
              <Summary numSequencePoints="0" visitedSequencePoints="0" numBranchPoints="0" visitedBranchPoints="0" sequenceCoverage="0" branchCoverage="0" maxCyclomaticComplexity="1" minCyclomaticComplexity="1" maxCrapScore="2" minCrapScore="2" visitedClasses="0" numClasses="0" visitedMethods="0" numMethods="0" />
              <MetadataToken>100663300</MetadataToken>
              <Name>System.Void Tests.BllTests_lotservice/&lt;&gt;c__DisplayClass0_0::.ctor()</Name>
              <SequencePoints />
              <BranchPoints />
              <MethodPoint vc="0" uspid="17" ordinal="0" offset="0" />
            </Method>
            <Method visited="true" cyclomaticComplexity="1" nPathComplexity="0" sequenceCoverage="100" branchCoverage="100" crapScore="1" isConstructor="false" isStatic="false" isGetter="false" isSetter="false">
              <Summary numSequencePoints="1" visitedSequencePoints="1" numBranchPoints="1" visitedBranchPoints="1" sequenceCoverage="100" branchCoverage="100" maxCyclomaticComplexity="1" minCyclomaticComplexity="1" maxCrapScore="1" minCrapScore="1" visitedClasses="0" numClasses="0" visitedMethods="1" numMethods="1" />
              <MetadataToken>100663301</MetadataToken>
              <Name>System.Void Tests.BllTests_lotservice/&lt;&gt;c__DisplayClass0_0::&lt;CreateLot_AcceptIdOfNotExistingItem_ThrowException&gt;b__1()</Name>
              <FileRef uid="1" />
              <SequencePoints>
                <SequencePoint vc="1" uspid="18" ordinal="0" offset="0" sl="31" sc="60" el="31" ec="76" bec="0" bev="0" fileid="1">
                  <TrackedMethodRefs>
                    <TrackedMethodRef uid="1" vc="1" />
                  </TrackedMethodRefs>
                </SequencePoint>
              </SequencePoints>
              <BranchPoints />
              <MethodPoint xsi:type="SequencePoint" vc="1" uspid="18" ordinal="0" offset="0" sl="31" sc="60" el="31" ec="76" bec="0" bev="0" fileid="1">
                <TrackedMethodRefs>
                  <TrackedMethodRef uid="1" vc="1" />
                </TrackedMethodRefs>
              </MethodPoint>
            </Method>
          </Methods>
        </Class>
        <Class>
          <Summary numSequencePoints="0" visitedSequencePoints="0" numBranchPoints="0" visitedBranchPoints="0" sequenceCoverage="0" branchCoverage="0" maxCyclomaticComplexity="1" minCyclomaticComplexity="1" maxCrapScore="2" minCrapScore="2" visitedClasses="0" numClasses="0" visitedMethods="0" numMethods="0" />
          <FullName>Tests.BllTests_lotservice/&lt;&gt;c</FullName>
          <Methods>
            <Method visited="false" cyclomaticComplexity="1" nPathComplexity="0" sequenceCoverage="0" branchCoverage="0" crapScore="2" isConstructor="true" isStatic="true" isGetter="false" isSetter="false">
              <Summary numSequencePoints="0" visitedSequencePoints="0" numBranchPoints="0" visitedBranchPoints="0" sequenceCoverage="0" branchCoverage="0" maxCyclomaticComplexity="1" minCyclomaticComplexity="1" maxCrapScore="2" minCrapScore="2" visitedClasses="0" numClasses="0" visitedMethods="0" numMethods="0" />
              <MetadataToken>100663302</MetadataToken>
              <Name>System.Void Tests.BllTests_lotservice/&lt;&gt;c::.cctor()</Name>
              <SequencePoints />
              <BranchPoints />
              <MethodPoint vc="0" uspid="19" ordinal="0" offset="0" />
            </Method>
            <Method visited="false" cyclomaticComplexity="1" nPathComplexity="0" sequenceCoverage="0" branchCoverage="0" crapScore="2" isConstructor="true" isStatic="false" isGetter="false" isSetter="false">
              <Summary numSequencePoints="0" visitedSequencePoints="0" numBranchPoints="0" visitedBranchPoints="0" sequenceCoverage="0" branchCoverage="0" maxCyclomaticComplexity="1" minCyclomaticComplexity="1" maxCrapScore="2" minCrapScore="2" visitedClasses="0" numClasses="0" visitedMethods="0" numMethods="0" />
              <MetadataToken>100663303</MetadataToken>
              <Name>System.Void Tests.BllTests_lotservice/&lt;&gt;c::.ctor()</Name>
              <SequencePoints />
              <BranchPoints />
              <MethodPoint vc="0" uspid="20" ordinal="0" offset="0" />
            </Method>
          </Methods>
        </Class>
        <Class>
          <Summary numSequencePoints="1" visitedSequencePoints="1" numBranchPoints="1" visitedBranchPoints="1" sequenceCoverage="100" branchCoverage="100" maxCyclomaticComplexity="1" minCyclomaticComplexity="1" maxCrapScore="2" minCrapScore="1" visitedClasses="1" numClasses="1" visitedMethods="1" numMethods="1" />
          <FullName>Tests.BllTests_lotservice/&lt;&gt;c__DisplayClass1_0</FullName>
          <Methods>
            <Method visited="false" cyclomaticComplexity="1" nPathComplexity="0" sequenceCoverage="0" branchCoverage="0" crapScore="2" isConstructor="true" isStatic="false" isGetter="false" isSetter="false">
              <Summary numSequencePoints="0" visitedSequencePoints="0" numBranchPoints="0" visitedBranchPoints="0" sequenceCoverage="0" branchCoverage="0" maxCyclomaticComplexity="1" minCyclomaticComplexity="1" maxCrapScore="2" minCrapScore="2" visitedClasses="0" numClasses="0" visitedMethods="0" numMethods="0" />
              <MetadataToken>100663304</MetadataToken>
              <Name>System.Void Tests.BllTests_lotservice/&lt;&gt;c__DisplayClass1_0::.ctor()</Name>
              <SequencePoints />
              <BranchPoints />
              <MethodPoint vc="0" uspid="21" ordinal="0" offset="0" />
            </Method>
            <Method visited="true" cyclomaticComplexity="1" nPathComplexity="0" sequenceCoverage="100" branchCoverage="100" crapScore="1" isConstructor="false" isStatic="false" isGetter="false" isSetter="false">
              <Summary numSequencePoints="1" visitedSequencePoints="1" numBranchPoints="1" visitedBranchPoints="1" sequenceCoverage="100" branchCoverage="100" maxCyclomaticComplexity="1" minCyclomaticComplexity="1" maxCrapScore="1" minCrapScore="1" visitedClasses="0" numClasses="0" visitedMethods="1" numMethods="1" />
              <MetadataToken>100663305</MetadataToken>
              <Name>System.Void Tests.BllTests_lotservice/&lt;&gt;c__DisplayClass1_0::&lt;CreateLot_AcceptIdOfNotConfirmedItem_ThrowException&gt;b__1()</Name>
              <FileRef uid="1" />
              <SequencePoints>
                <SequencePoint vc="1" uspid="22" ordinal="0" offset="0" sl="41" sc="81" el="41" ec="97" bec="0" bev="0" fileid="1">
                  <TrackedMethodRefs>
                    <TrackedMethodRef uid="2" vc="1" />
                  </TrackedMethodRefs>
                </SequencePoint>
              </SequencePoints>
              <BranchPoints />
              <MethodPoint xsi:type="SequencePoint" vc="1" uspid="22" ordinal="0" offset="0" sl="41" sc="81" el="41" ec="97" bec="0" bev="0" fileid="1">
                <TrackedMethodRefs>
                  <TrackedMethodRef uid="2" vc="1" />
                </TrackedMethodRefs>
              </MethodPoint>
            </Method>
          </Methods>
        </Class>
      </Classes>
      <TrackedMethods>
        <TrackedMethod uid="1" token="100663297" name="System.Void Tests.BllTests_lotservice::CreateLot_AcceptIdOfNotExistingItem_ThrowException()" strategy="NUnitTest" />
        <TrackedMethod uid="2" token="100663298" name="System.Void Tests.BllTests_lotservice::CreateLot_AcceptIdOfNotConfirmedItem_ThrowException()" strategy="NUnitTest" />
      </TrackedMethods>
    </Module>
    <Module hash="EF-00-EF-70-29-A7-3E-98-66-46-D7-43-39-7F-D7-2E-AF-9B-8B-35">
      <Summary numSequencePoints="198" visitedSequencePoints="5" numBranchPoints="60" visitedBranchPoints="1" sequenceCoverage="2.53" branchCoverage="1.67" maxCyclomaticComplexity="3" minCyclomaticComplexity="1" maxCrapScore="12" minCrapScore="1" visitedClasses="1" numClasses="13" visitedMethods="1" numMethods="38" />
      <ModulePath>C:\Users\Admin\source\repos\Auction\Tests\bin\Debug\DAL.dll</ModulePath>
      <ModuleTime>2019-01-08T14:36:13.9181318Z</ModuleTime>
      <ModuleName>DAL</ModuleName>
      <Files>
        <File uid="7" fullPath="C:\Users\Admin\source\repos\Auction\DAL\EF\AuctionContext.cs" />
        <File uid="9" fullPath="C:\Users\Admin\source\repos\Auction\DAL\Repositories\GenericRepository.cs" />
        <File uid="10" fullPath="C:\Users\Admin\source\repos\Auction\DAL\Repositories\UnitOfWork.cs" />
        <File uid="11" fullPath="C:\Users\Admin\source\repos\Auction\DAL\Repositories\UserRepository.cs" />
        <File uid="12" fullPath="C:\Users\Admin\source\repos\Auction\DAL\Identity\Repositories\ApplicationRoleManager.cs" />
        <File uid="13" fullPath="C:\Users\Admin\source\repos\Auction\DAL\Identity\Repositories\ApplicationUserManager.cs" />
        <File uid="14" fullPath="C:\Users\Admin\source\repos\Auction\DAL\Identity\Repositories\ClientManager.cs" />
        <File uid="15" fullPath="C:\Users\Admin\source\repos\Auction\DAL\Identity\Repositories\IdentityUnitOfWork.cs" />
        <File uid="17" fullPath="C:\Users\Admin\source\repos\Auction\DAL\Identity\Entities\ApplicationUser.cs" />
        <File uid="18" fullPath="C:\Users\Admin\source\repos\Auction\DAL\Entities\Category.cs" />
        <File uid="19" fullPath="C:\Users\Admin\source\repos\Auction\DAL\Entities\Lot.cs" />
        <File uid="20" fullPath="C:\Users\Admin\source\repos\Auction\DAL\Entities\Product.cs" />
        <File uid="21" fullPath="C:\Users\Admin\source\repos\Auction\DAL\Entities\User.cs" />
      </Files>
      <Classes>
        <Class>
          <Summary numSequencePoints="6" visitedSequencePoints="0" numBranchPoints="2" visitedBranchPoints="0" sequenceCoverage="0" branchCoverage="0" maxCyclomaticComplexity="1" minCyclomaticComplexity="1" maxCrapScore="2" minCrapScore="2" visitedClasses="0" numClasses="1" visitedMethods="0" numMethods="2" />
          <FullName>DAL.AuctionContext</FullName>
          <Methods>
            <Method skippedDueTo="AutoImplementedProperty" visited="false" cyclomaticComplexity="1" nPathComplexity="0" sequenceCoverage="0" branchCoverage="0" crapScore="0" isConstructor="false" isStatic="false" isGetter="true" isSetter="false">
              <MetadataToken>100663297</MetadataToken>
              <Name>System.Data.Entity.DbSet`1&lt;DAL.Entities.Category&gt; DAL.AuctionContext::get_Categories()</Name>
              <FileRef uid="7" />
              <SequencePoints />
              <BranchPoints />
            </Method>
            <Method skippedDueTo="AutoImplementedProperty" visited="false" cyclomaticComplexity="1" nPathComplexity="0" sequenceCoverage="0" branchCoverage="0" crapScore="0" isConstructor="false" isStatic="false" isGetter="false" isSetter="true">
              <MetadataToken>100663298</MetadataToken>
              <Name>System.Void DAL.AuctionContext::set_Categories(System.Data.Entity.DbSet`1&lt;DAL.Entities.Category&gt;)</Name>
              <FileRef uid="7" />
              <SequencePoints />
              <BranchPoints />
            </Method>
            <Method skippedDueTo="AutoImplementedProperty" visited="false" cyclomaticComplexity="1" nPathComplexity="0" sequenceCoverage="0" branchCoverage="0" crapScore="0" isConstructor="false" isStatic="false" isGetter="true" isSetter="false">
              <MetadataToken>100663299</MetadataToken>
              <Name>System.Data.Entity.DbSet`1&lt;DAL.Entities.Lot&gt; DAL.AuctionContext::get_Lots()</Name>
              <FileRef uid="7" />
              <SequencePoints />
              <BranchPoints />
            </Method>
            <Method skippedDueTo="AutoImplementedProperty" visited="false" cyclomaticComplexity="1" nPathComplexity="0" sequenceCoverage="0" branchCoverage="0" crapScore="0" isConstructor="false" isStatic="false" isGetter="false" isSetter="true">
              <MetadataToken>100663300</MetadataToken>
              <Name>System.Void DAL.AuctionContext::set_Lots(System.Data.Entity.DbSet`1&lt;DAL.Entities.Lot&gt;)</Name>
              <FileRef uid="7" />
              <SequencePoints />
              <BranchPoints />
            </Method>
            <Method skippedDueTo="AutoImplementedProperty" visited="false" cyclomaticComplexity="1" nPathComplexity="0" sequenceCoverage="0" branchCoverage="0" crapScore="0" isConstructor="false" isStatic="false" isGetter="true" isSetter="false">
              <MetadataToken>100663301</MetadataToken>
              <Name>System.Data.Entity.DbSet`1&lt;DAL.Entities.Product&gt; DAL.AuctionContext::get_Products()</Name>
              <FileRef uid="7" />
              <SequencePoints />
              <BranchPoints />
            </Method>
            <Method skippedDueTo="AutoImplementedProperty" visited="false" cyclomaticComplexity="1" nPathComplexity="0" sequenceCoverage="0" branchCoverage="0" crapScore="0" isConstructor="false" isStatic="false" isGetter="false" isSetter="true">
              <MetadataToken>100663302</MetadataToken>
              <Name>System.Void DAL.AuctionContext::set_Products(System.Data.Entity.DbSet`1&lt;DAL.Entities.Product&gt;)</Name>
              <FileRef uid="7" />
              <SequencePoints />
              <BranchPoints />
            </Method>
            <Method skippedDueTo="AutoImplementedProperty" visited="false" cyclomaticComplexity="1" nPathComplexity="0" sequenceCoverage="0" branchCoverage="0" crapScore="0" isConstructor="false" isStatic="false" isGetter="true" isSetter="false">
              <MetadataToken>100663303</MetadataToken>
              <Name>System.Data.Entity.DbSet`1&lt;DAL.Entities.User&gt; DAL.AuctionContext::get_UsersProfiles()</Name>
              <FileRef uid="7" />
              <SequencePoints />
              <BranchPoints />
            </Method>
            <Method skippedDueTo="AutoImplementedProperty" visited="false" cyclomaticComplexity="1" nPathComplexity="0" sequenceCoverage="0" branchCoverage="0" crapScore="0" isConstructor="false" isStatic="false" isGetter="false" isSetter="true">
              <MetadataToken>100663304</MetadataToken>
              <Name>System.Void DAL.AuctionContext::set_UsersProfiles(System.Data.Entity.DbSet`1&lt;DAL.Entities.User&gt;)</Name>
              <FileRef uid="7" />
              <SequencePoints />
              <BranchPoints />
            </Method>
            <Method visited="false" cyclomaticComplexity="1" nPathComplexity="0" sequenceCoverage="0" branchCoverage="0" crapScore="2" isConstructor="true" isStatic="true" isGetter="false" isSetter="false">
              <Summary numSequencePoints="3" visitedSequencePoints="0" numBranchPoints="1" visitedBranchPoints="0" sequenceCoverage="0" branchCoverage="0" maxCyclomaticComplexity="1" minCyclomaticComplexity="1" maxCrapScore="2" minCrapScore="2" visitedClasses="0" numClasses="0" visitedMethods="0" numMethods="1" />
              <MetadataToken>100663305</MetadataToken>
              <Name>System.Void DAL.AuctionContext::.cctor()</Name>
              <FileRef uid="7" />
              <SequencePoints>
                <SequencePoint vc="0" uspid="23" ordinal="0" offset="0" sl="19" sc="9" el="19" ec="10" bec="0" bev="0" fileid="7" />
                <SequencePoint vc="0" uspid="24" ordinal="1" offset="1" sl="20" sc="13" el="20" ec="58" bec="0" bev="0" fileid="7" />
                <SequencePoint vc="0" uspid="25" ordinal="2" offset="12" sl="21" sc="9" el="21" ec="10" bec="0" bev="0" fileid="7" />
              </SequencePoints>
              <BranchPoints />
              <MethodPoint xsi:type="SequencePoint" vc="0" uspid="23" ordinal="0" offset="0" sl="19" sc="9" el="19" ec="10" bec="0" bev="0" fileid="7" />
            </Method>
            <Method visited="false" cyclomaticComplexity="1" nPathComplexity="0" sequenceCoverage="0" branchCoverage="0" crapScore="2" isConstructor="true" isStatic="false" isGetter="false" isSetter="false">
              <Summary numSequencePoints="3" visitedSequencePoints="0" numBranchPoints="1" visitedBranchPoints="0" sequenceCoverage="0" branchCoverage="0" maxCyclomaticComplexity="1" minCyclomaticComplexity="1" maxCrapScore="2" minCrapScore="2" visitedClasses="0" numClasses="0" visitedMethods="0" numMethods="1" />
              <MetadataToken>100663306</MetadataToken>
              <Name>System.Void DAL.AuctionContext::.ctor(System.String)</Name>
              <FileRef uid="7" />
              <SequencePoints>
                <SequencePoint vc="0" uspid="26" ordinal="0" offset="0" sl="22" sc="58" el="22" ec="80" bec="0" bev="0" fileid="7" />
                <SequencePoint vc="0" uspid="27" ordinal="1" offset="8" sl="22" sc="81" el="22" ec="82" bec="0" bev="0" fileid="7" />
                <SequencePoint vc="0" uspid="28" ordinal="2" offset="9" sl="22" sc="82" el="22" ec="83" bec="0" bev="0" fileid="7" />
              </SequencePoints>
              <BranchPoints />
              <MethodPoint xsi:type="SequencePoint" vc="0" uspid="26" ordinal="0" offset="0" sl="22" sc="58" el="22" ec="80" bec="0" bev="0" fileid="7" />
            </Method>
          </Methods>
        </Class>
        <Class>
          <Summary numSequencePoints="29" visitedSequencePoints="0" numBranchPoints="1" visitedBranchPoints="0" sequenceCoverage="0" branchCoverage="0" maxCyclomaticComplexity="1" minCyclomaticComplexity="1" maxCrapScore="2" minCrapScore="2" visitedClasses="0" numClasses="1" visitedMethods="0" numMethods="1" />
          <FullName>DAL.DbInitializer</FullName>
          <Methods>
            <Method visited="false" cyclomaticComplexity="1" nPathComplexity="0" sequenceCoverage="0" branchCoverage="0" crapScore="2" isConstructor="false" isStatic="false" isGetter="false" isSetter="false">
              <Summary numSequencePoints="29" visitedSequencePoints="0" numBranchPoints="1" visitedBranchPoints="0" sequenceCoverage="0" branchCoverage="0" maxCyclomaticComplexity="1" minCyclomaticComplexity="1" maxCrapScore="2" minCrapScore="2" visitedClasses="0" numClasses="0" visitedMethods="0" numMethods="1" />
              <MetadataToken>100663307</MetadataToken>
              <Name>System.Void DAL.DbInitializer::Seed(DAL.AuctionContext)</Name>
              <FileRef uid="7" />
              <SequencePoints>
                <SequencePoint vc="0" uspid="29" ordinal="0" offset="0" sl="29" sc="9" el="29" ec="10" bec="0" bev="0" fileid="7" />
                <SequencePoint vc="0" uspid="30" ordinal="1" offset="1" sl="30" sc="13" el="30" ec="69" bec="0" bev="0" fileid="7" />
                <SequencePoint vc="0" uspid="31" ordinal="2" offset="8" sl="31" sc="13" el="31" ec="75" bec="0" bev="0" fileid="7" />
                <SequencePoint vc="0" uspid="32" ordinal="3" offset="15" sl="32" sc="13" el="32" ec="68" bec="0" bev="0" fileid="7" />
                <SequencePoint vc="0" uspid="33" ordinal="4" offset="33" sl="33" sc="13" el="33" ec="66" bec="0" bev="0" fileid="7" />
                <SequencePoint vc="0" uspid="34" ordinal="5" offset="51" sl="34" sc="13" el="34" ec="76" bec="0" bev="0" fileid="7" />
                <SequencePoint vc="0" uspid="35" ordinal="6" offset="70" sl="36" sc="13" el="36" ec="43" bec="0" bev="0" fileid="7" />
                <SequencePoint vc="0" uspid="36" ordinal="7" offset="78" sl="37" sc="13" el="37" ec="42" bec="0" bev="0" fileid="7" />
                <SequencePoint vc="0" uspid="37" ordinal="8" offset="86" sl="38" sc="13" el="38" ec="47" bec="0" bev="0" fileid="7" />
                <SequencePoint vc="0" uspid="38" ordinal="9" offset="95" sl="40" sc="13" el="40" ec="69" bec="0" bev="0" fileid="7" />
                <SequencePoint vc="0" uspid="39" ordinal="10" offset="103" sl="41" sc="13" el="41" ec="75" bec="0" bev="0" fileid="7" />
                <SequencePoint vc="0" uspid="40" ordinal="11" offset="112" sl="42" sc="13" el="42" ec="99" bec="0" bev="0" fileid="7" />
                <SequencePoint vc="0" uspid="41" ordinal="12" offset="143" sl="43" sc="13" el="43" ec="96" bec="0" bev="0" fileid="7" />
                <SequencePoint vc="0" uspid="42" ordinal="13" offset="174" sl="44" sc="13" el="44" ec="111" bec="0" bev="0" fileid="7" />
                <SequencePoint vc="0" uspid="43" ordinal="14" offset="205" sl="46" sc="13" el="46" ec="56" bec="0" bev="0" fileid="7" />
                <SequencePoint vc="0" uspid="44" ordinal="15" offset="220" sl="47" sc="13" el="47" ec="58" bec="0" bev="0" fileid="7" />
                <SequencePoint vc="0" uspid="45" ordinal="16" offset="240" sl="49" sc="13" el="49" ec="54" bec="0" bev="0" fileid="7" />
                <SequencePoint vc="0" uspid="46" ordinal="17" offset="255" sl="50" sc="13" el="50" ec="56" bec="0" bev="0" fileid="7" />
                <SequencePoint vc="0" uspid="47" ordinal="18" offset="275" sl="52" sc="13" el="52" ec="64" bec="0" bev="0" fileid="7" />
                <SequencePoint vc="0" uspid="48" ordinal="19" offset="290" sl="53" sc="13" el="53" ec="66" bec="0" bev="0" fileid="7" />
                <SequencePoint vc="0" uspid="49" ordinal="20" offset="310" sl="55" sc="13" el="55" ec="87" bec="0" bev="0" fileid="7" />
                <SequencePoint vc="0" uspid="50" ordinal="21" offset="353" sl="56" sc="13" el="56" ec="85" bec="0" bev="0" fileid="7" />
                <SequencePoint vc="0" uspid="51" ordinal="22" offset="396" sl="57" sc="13" el="57" ec="95" bec="0" bev="0" fileid="7" />
                <SequencePoint vc="0" uspid="52" ordinal="23" offset="439" sl="59" sc="13" el="59" ec="77" bec="0" bev="0" fileid="7" />
                <SequencePoint vc="0" uspid="53" ordinal="24" offset="476" sl="60" sc="13" el="60" ec="79" bec="0" bev="0" fileid="7" />
                <SequencePoint vc="0" uspid="54" ordinal="25" offset="513" sl="61" sc="13" el="61" ec="80" bec="0" bev="0" fileid="7" />
                <SequencePoint vc="0" uspid="55" ordinal="26" offset="550" sl="62" sc="13" el="62" ec="76" bec="0" bev="0" fileid="7" />
                <SequencePoint vc="0" uspid="56" ordinal="27" offset="587" sl="63" sc="13" el="63" ec="83" bec="0" bev="0" fileid="7" />
                <SequencePoint vc="0" uspid="57" ordinal="28" offset="624" sl="64" sc="9" el="64" ec="10" bec="0" bev="0" fileid="7" />
              </SequencePoints>
              <BranchPoints />
              <MethodPoint xsi:type="SequencePoint" vc="0" uspid="29" ordinal="0" offset="0" sl="29" sc="9" el="29" ec="10" bec="0" bev="0" fileid="7" />
            </Method>
            <Method visited="false" cyclomaticComplexity="1" nPathComplexity="0" sequenceCoverage="0" branchCoverage="0" crapScore="2" isConstructor="true" isStatic="false" isGetter="false" isSetter="false">
              <Summary numSequencePoints="0" visitedSequencePoints="0" numBranchPoints="0" visitedBranchPoints="0" sequenceCoverage="0" branchCoverage="0" maxCyclomaticComplexity="1" minCyclomaticComplexity="1" maxCrapScore="2" minCrapScore="2" visitedClasses="0" numClasses="0" visitedMethods="0" numMethods="0" />
              <MetadataToken>100663308</MetadataToken>
              <Name>System.Void DAL.DbInitializer::.ctor()</Name>
              <SequencePoints />
              <BranchPoints />
              <MethodPoint vc="0" uspid="58" ordinal="0" offset="0" />
            </Method>
          </Methods>
        </Class>
        <Class>
          <Summary numSequencePoints="29" visitedSequencePoints="0" numBranchPoints="9" visitedBranchPoints="0" sequenceCoverage="0" branchCoverage="0" maxCyclomaticComplexity="2" minCyclomaticComplexity="1" maxCrapScore="6" minCrapScore="2" visitedClasses="0" numClasses="1" visitedMethods="0" numMethods="7" />
          <FullName>DAL.Repositories.GenericRepository`1</FullName>
          <Methods>
            <Method visited="false" cyclomaticComplexity="1" nPathComplexity="0" sequenceCoverage="0" branchCoverage="0" crapScore="2" isConstructor="true" isStatic="false" isGetter="false" isSetter="false">
              <Summary numSequencePoints="5" visitedSequencePoints="0" numBranchPoints="1" visitedBranchPoints="0" sequenceCoverage="0" branchCoverage="0" maxCyclomaticComplexity="1" minCyclomaticComplexity="1" maxCrapScore="2" minCrapScore="2" visitedClasses="0" numClasses="0" visitedMethods="0" numMethods="1" />
              <MetadataToken>100663309</MetadataToken>
              <Name>System.Void DAL.Repositories.GenericRepository`1::.ctor(DAL.AuctionContext)</Name>
              <FileRef uid="9" />
              <SequencePoints>
                <SequencePoint vc="0" uspid="59" ordinal="0" offset="0" sl="16" sc="9" el="16" ec="57" bec="0" bev="0" fileid="9" />
                <SequencePoint vc="0" uspid="60" ordinal="1" offset="7" sl="17" sc="9" el="17" ec="10" bec="0" bev="0" fileid="9" />
                <SequencePoint vc="0" uspid="61" ordinal="2" offset="8" sl="18" sc="13" el="18" ec="36" bec="0" bev="0" fileid="9" />
                <SequencePoint vc="0" uspid="62" ordinal="3" offset="15" sl="19" sc="13" el="19" ec="44" bec="0" bev="0" fileid="9" />
                <SequencePoint vc="0" uspid="63" ordinal="4" offset="27" sl="20" sc="9" el="20" ec="10" bec="0" bev="0" fileid="9" />
              </SequencePoints>
              <BranchPoints />
              <MethodPoint xsi:type="SequencePoint" vc="0" uspid="59" ordinal="0" offset="0" sl="16" sc="9" el="16" ec="57" bec="0" bev="0" fileid="9" />
            </Method>
            <Method visited="false" cyclomaticComplexity="1" nPathComplexity="0" sequenceCoverage="0" branchCoverage="0" crapScore="2" isConstructor="false" isStatic="false" isGetter="false" isSetter="false">
              <Summary numSequencePoints="4" visitedSequencePoints="0" numBranchPoints="1" visitedBranchPoints="0" sequenceCoverage="0" branchCoverage="0" maxCyclomaticComplexity="1" minCyclomaticComplexity="1" maxCrapScore="2" minCrapScore="2" visitedClasses="0" numClasses="0" visitedMethods="0" numMethods="1" />
              <MetadataToken>100663310</MetadataToken>
              <Name>System.Collections.Generic.IEnumerable`1&lt;TEntity&gt; DAL.Repositories.GenericRepository`1::GetAll()</Name>
              <FileRef uid="9" />
              <SequencePoints>
                <SequencePoint vc="0" uspid="64" ordinal="0" offset="0" sl="23" sc="9" el="23" ec="10" bec="0" bev="0" fileid="9" />
                <SequencePoint vc="0" uspid="65" ordinal="1" offset="1" sl="24" sc="13" el="24" ec="47" bec="0" bev="0" fileid="9" />
                <SequencePoint vc="0" uspid="66" ordinal="2" offset="8" sl="25" sc="13" el="25" ec="35" bec="0" bev="0" fileid="9" />
                <SequencePoint vc="0" uspid="67" ordinal="3" offset="17" sl="26" sc="9" el="26" ec="10" bec="0" bev="0" fileid="9" />
              </SequencePoints>
              <BranchPoints />
              <MethodPoint xsi:type="SequencePoint" vc="0" uspid="64" ordinal="0" offset="0" sl="23" sc="9" el="23" ec="10" bec="0" bev="0" fileid="9" />
            </Method>
            <Method visited="false" cyclomaticComplexity="1" nPathComplexity="0" sequenceCoverage="0" branchCoverage="0" crapScore="2" isConstructor="false" isStatic="false" isGetter="false" isSetter="false">
              <Summary numSequencePoints="3" visitedSequencePoints="0" numBranchPoints="1" visitedBranchPoints="0" sequenceCoverage="0" branchCoverage="0" maxCyclomaticComplexity="1" minCyclomaticComplexity="1" maxCrapScore="2" minCrapScore="2" visitedClasses="0" numClasses="0" visitedMethods="0" numMethods="1" />
              <MetadataToken>100663311</MetadataToken>
              <Name>TEntity DAL.Repositories.GenericRepository`1::Get(System.Int32)</Name>
              <FileRef uid="9" />
              <SequencePoints>
                <SequencePoint vc="0" uspid="68" ordinal="0" offset="0" sl="29" sc="9" el="29" ec="10" bec="0" bev="0" fileid="9" />
                <SequencePoint vc="0" uspid="69" ordinal="1" offset="1" sl="30" sc="13" el="30" ec="35" bec="0" bev="0" fileid="9" />
                <SequencePoint vc="0" uspid="70" ordinal="2" offset="30" sl="31" sc="9" el="31" ec="10" bec="0" bev="0" fileid="9" />
              </SequencePoints>
              <BranchPoints />
              <MethodPoint xsi:type="SequencePoint" vc="0" uspid="68" ordinal="0" offset="0" sl="29" sc="9" el="29" ec="10" bec="0" bev="0" fileid="9" />
            </Method>
            <Method visited="false" cyclomaticComplexity="1" nPathComplexity="0" sequenceCoverage="0" branchCoverage="0" crapScore="2" isConstructor="false" isStatic="false" isGetter="false" isSetter="false">
              <Summary numSequencePoints="4" visitedSequencePoints="0" numBranchPoints="1" visitedBranchPoints="0" sequenceCoverage="0" branchCoverage="0" maxCyclomaticComplexity="1" minCyclomaticComplexity="1" maxCrapScore="2" minCrapScore="2" visitedClasses="0" numClasses="0" visitedMethods="0" numMethods="1" />
              <MetadataToken>100663312</MetadataToken>
              <Name>System.Void DAL.Repositories.GenericRepository`1::Create(TEntity)</Name>
              <FileRef uid="9" />
              <SequencePoints>
                <SequencePoint vc="0" uspid="71" ordinal="0" offset="0" sl="34" sc="9" el="34" ec="10" bec="0" bev="0" fileid="9" />
                <SequencePoint vc="0" uspid="72" ordinal="1" offset="1" sl="35" sc="13" el="35" ec="31" bec="0" bev="0" fileid="9" />
                <SequencePoint vc="0" uspid="73" ordinal="2" offset="14" sl="36" sc="13" el="36" ec="35" bec="0" bev="0" fileid="9" />
                <SequencePoint vc="0" uspid="74" ordinal="3" offset="26" sl="37" sc="9" el="37" ec="10" bec="0" bev="0" fileid="9" />
              </SequencePoints>
              <BranchPoints />
              <MethodPoint xsi:type="SequencePoint" vc="0" uspid="71" ordinal="0" offset="0" sl="34" sc="9" el="34" ec="10" bec="0" bev="0" fileid="9" />
            </Method>
            <Method visited="false" cyclomaticComplexity="1" nPathComplexity="0" sequenceCoverage="0" branchCoverage="0" crapScore="2" isConstructor="false" isStatic="false" isGetter="false" isSetter="false">
              <Summary numSequencePoints="4" visitedSequencePoints="0" numBranchPoints="1" visitedBranchPoints="0" sequenceCoverage="0" branchCoverage="0" maxCyclomaticComplexity="1" minCyclomaticComplexity="1" maxCrapScore="2" minCrapScore="2" visitedClasses="0" numClasses="0" visitedMethods="0" numMethods="1" />
              <MetadataToken>100663313</MetadataToken>
              <Name>System.Void DAL.Repositories.GenericRepository`1::Update(TEntity)</Name>
              <FileRef uid="9" />
              <SequencePoints>
                <SequencePoint vc="0" uspid="75" ordinal="0" offset="0" sl="40" sc="9" el="40" ec="10" bec="0" bev="0" fileid="9" />
                <SequencePoint vc="0" uspid="76" ordinal="1" offset="1" sl="41" sc="13" el="41" ec="64" bec="0" bev="0" fileid="9" />
                <SequencePoint vc="0" uspid="77" ordinal="2" offset="21" sl="42" sc="13" el="42" ec="35" bec="0" bev="0" fileid="9" />
                <SequencePoint vc="0" uspid="78" ordinal="3" offset="33" sl="43" sc="9" el="43" ec="10" bec="0" bev="0" fileid="9" />
              </SequencePoints>
              <BranchPoints />
              <MethodPoint xsi:type="SequencePoint" vc="0" uspid="75" ordinal="0" offset="0" sl="40" sc="9" el="40" ec="10" bec="0" bev="0" fileid="9" />
            </Method>
            <Method visited="false" cyclomaticComplexity="1" nPathComplexity="0" sequenceCoverage="0" branchCoverage="0" crapScore="2" isConstructor="false" isStatic="false" isGetter="false" isSetter="false">
              <Summary numSequencePoints="3" visitedSequencePoints="0" numBranchPoints="1" visitedBranchPoints="0" sequenceCoverage="0" branchCoverage="0" maxCyclomaticComplexity="1" minCyclomaticComplexity="1" maxCrapScore="2" minCrapScore="2" visitedClasses="0" numClasses="0" visitedMethods="0" numMethods="1" />
              <MetadataToken>100663314</MetadataToken>
              <Name>System.Collections.Generic.IEnumerable`1&lt;TEntity&gt; DAL.Repositories.GenericRepository`1::Find(System.Func`2&lt;TEntity,System.Boolean&gt;)</Name>
              <FileRef uid="9" />
              <SequencePoints>
                <SequencePoint vc="0" uspid="79" ordinal="0" offset="0" sl="46" sc="9" el="46" ec="10" bec="0" bev="0" fileid="9" />
                <SequencePoint vc="0" uspid="80" ordinal="1" offset="1" sl="47" sc="13" el="47" ec="43" bec="0" bev="0" fileid="9" />
                <SequencePoint vc="0" uspid="81" ordinal="2" offset="16" sl="48" sc="9" el="48" ec="10" bec="0" bev="0" fileid="9" />
              </SequencePoints>
              <BranchPoints />
              <MethodPoint xsi:type="SequencePoint" vc="0" uspid="79" ordinal="0" offset="0" sl="46" sc="9" el="46" ec="10" bec="0" bev="0" fileid="9" />
            </Method>
            <Method visited="false" cyclomaticComplexity="2" nPathComplexity="2" sequenceCoverage="0" branchCoverage="0" crapScore="6" isConstructor="false" isStatic="false" isGetter="false" isSetter="false">
              <Summary numSequencePoints="6" visitedSequencePoints="0" numBranchPoints="3" visitedBranchPoints="0" sequenceCoverage="0" branchCoverage="0" maxCyclomaticComplexity="2" minCyclomaticComplexity="2" maxCrapScore="6" minCrapScore="6" visitedClasses="0" numClasses="0" visitedMethods="0" numMethods="1" />
              <MetadataToken>100663315</MetadataToken>
              <Name>System.Void DAL.Repositories.GenericRepository`1::Delete(System.Int32)</Name>
              <FileRef uid="9" />
              <SequencePoints>
                <SequencePoint vc="0" uspid="82" ordinal="0" offset="0" sl="51" sc="9" el="51" ec="10" bec="0" bev="0" fileid="9" />
                <SequencePoint vc="0" uspid="83" ordinal="1" offset="1" sl="52" sc="13" el="52" ec="45" bec="0" bev="0" fileid="9" />
                <SequencePoint vc="0" uspid="84" ordinal="2" offset="28" sl="53" sc="13" el="53" ec="32" bec="2" bev="0" fileid="9" />
                <SequencePoint vc="0" uspid="85" ordinal="3" offset="41" sl="54" sc="17" el="54" ec="38" bec="0" bev="0" fileid="9" />
                <SequencePoint vc="0" uspid="86" ordinal="4" offset="54" sl="55" sc="13" el="55" ec="35" bec="0" bev="0" fileid="9" />
                <SequencePoint vc="0" uspid="87" ordinal="5" offset="66" sl="56" sc="9" el="56" ec="10" bec="0" bev="0" fileid="9" />
              </SequencePoints>
              <BranchPoints>
                <BranchPoint vc="0" uspid="88" ordinal="0" offset="39" sl="53" path="0" offsetend="41" fileid="9" />
                <BranchPoint vc="0" uspid="89" ordinal="1" offset="39" sl="53" path="1" offsetend="54" fileid="9" />
              </BranchPoints>
              <MethodPoint xsi:type="SequencePoint" vc="0" uspid="82" ordinal="0" offset="0" sl="51" sc="9" el="51" ec="10" bec="0" bev="0" fileid="9" />
            </Method>
          </Methods>
        </Class>
        <Class>
          <Summary numSequencePoints="42" visitedSequencePoints="0" numBranchPoints="20" visitedBranchPoints="0" sequenceCoverage="0" branchCoverage="0" maxCyclomaticComplexity="3" minCyclomaticComplexity="1" maxCrapScore="12" minCrapScore="2" visitedClasses="0" numClasses="1" visitedMethods="0" numMethods="8" />
          <FullName>DAL.Repositories.UnitOfWork</FullName>
          <Methods>
            <Method visited="false" cyclomaticComplexity="2" nPathComplexity="2" sequenceCoverage="0" branchCoverage="0" crapScore="6" isConstructor="false" isStatic="false" isGetter="true" isSetter="false">
              <Summary numSequencePoints="5" visitedSequencePoints="0" numBranchPoints="3" visitedBranchPoints="0" sequenceCoverage="0" branchCoverage="0" maxCyclomaticComplexity="2" minCyclomaticComplexity="2" maxCrapScore="6" minCrapScore="6" visitedClasses="0" numClasses="0" visitedMethods="0" numMethods="1" />
              <MetadataToken>100663317</MetadataToken>
              <Name>DAL.Interfaces.IGenericRepository`1&lt;DAL.Entities.Lot&gt; DAL.Repositories.UnitOfWork::get_Lots()</Name>
              <FileRef uid="10" />
              <SequencePoints>
                <SequencePoint vc="0" uspid="90" ordinal="0" offset="0" sl="27" sc="13" el="27" ec="14" bec="0" bev="0" fileid="10" />
                <SequencePoint vc="0" uspid="91" ordinal="1" offset="1" sl="28" sc="17" el="28" ec="43" bec="2" bev="0" fileid="10" />
                <SequencePoint vc="0" uspid="92" ordinal="2" offset="14" sl="29" sc="21" el="29" ec="68" bec="0" bev="0" fileid="10" />
                <SequencePoint vc="0" uspid="93" ordinal="3" offset="31" sl="30" sc="17" el="30" ec="38" bec="0" bev="0" fileid="10" />
                <SequencePoint vc="0" uspid="94" ordinal="4" offset="40" sl="31" sc="13" el="31" ec="14" bec="0" bev="0" fileid="10" />
              </SequencePoints>
              <BranchPoints>
                <BranchPoint vc="0" uspid="95" ordinal="0" offset="12" sl="28" path="0" offsetend="14" fileid="10" />
                <BranchPoint vc="0" uspid="96" ordinal="1" offset="12" sl="28" path="1" offsetend="31" fileid="10" />
              </BranchPoints>
              <MethodPoint xsi:type="SequencePoint" vc="0" uspid="90" ordinal="0" offset="0" sl="27" sc="13" el="27" ec="14" bec="0" bev="0" fileid="10" />
            </Method>
            <Method visited="false" cyclomaticComplexity="2" nPathComplexity="2" sequenceCoverage="0" branchCoverage="0" crapScore="6" isConstructor="false" isStatic="false" isGetter="true" isSetter="false">
              <Summary numSequencePoints="5" visitedSequencePoints="0" numBranchPoints="3" visitedBranchPoints="0" sequenceCoverage="0" branchCoverage="0" maxCyclomaticComplexity="2" minCyclomaticComplexity="2" maxCrapScore="6" minCrapScore="6" visitedClasses="0" numClasses="0" visitedMethods="0" numMethods="1" />
              <MetadataToken>100663318</MetadataToken>
              <Name>DAL.Interfaces.IGenericRepository`1&lt;DAL.Entities.Product&gt; DAL.Repositories.UnitOfWork::get_Products()</Name>
              <FileRef uid="10" />
              <SequencePoints>
                <SequencePoint vc="0" uspid="97" ordinal="0" offset="0" sl="37" sc="13" el="37" ec="14" bec="0" bev="0" fileid="10" />
                <SequencePoint vc="0" uspid="98" ordinal="1" offset="1" sl="38" sc="17" el="38" ec="47" bec="2" bev="0" fileid="10" />
                <SequencePoint vc="0" uspid="99" ordinal="2" offset="14" sl="39" sc="21" el="39" ec="76" bec="0" bev="0" fileid="10" />
                <SequencePoint vc="0" uspid="100" ordinal="3" offset="31" sl="40" sc="17" el="40" ec="42" bec="0" bev="0" fileid="10" />
                <SequencePoint vc="0" uspid="101" ordinal="4" offset="40" sl="41" sc="13" el="41" ec="14" bec="0" bev="0" fileid="10" />
              </SequencePoints>
              <BranchPoints>
                <BranchPoint vc="0" uspid="102" ordinal="0" offset="12" sl="38" path="0" offsetend="14" fileid="10" />
                <BranchPoint vc="0" uspid="103" ordinal="1" offset="12" sl="38" path="1" offsetend="31" fileid="10" />
              </BranchPoints>
              <MethodPoint xsi:type="SequencePoint" vc="0" uspid="97" ordinal="0" offset="0" sl="37" sc="13" el="37" ec="14" bec="0" bev="0" fileid="10" />
            </Method>
            <Method visited="false" cyclomaticComplexity="2" nPathComplexity="2" sequenceCoverage="0" branchCoverage="0" crapScore="6" isConstructor="false" isStatic="false" isGetter="true" isSetter="false">
              <Summary numSequencePoints="5" visitedSequencePoints="0" numBranchPoints="3" visitedBranchPoints="0" sequenceCoverage="0" branchCoverage="0" maxCyclomaticComplexity="2" minCyclomaticComplexity="2" maxCrapScore="6" minCrapScore="6" visitedClasses="0" numClasses="0" visitedMethods="0" numMethods="1" />
              <MetadataToken>100663319</MetadataToken>
              <Name>DAL.Interfaces.IGenericRepository`1&lt;DAL.Entities.Category&gt; DAL.Repositories.UnitOfWork::get_Categories()</Name>
              <FileRef uid="10" />
              <SequencePoints>
                <SequencePoint vc="0" uspid="104" ordinal="0" offset="0" sl="47" sc="13" el="47" ec="14" bec="0" bev="0" fileid="10" />
                <SequencePoint vc="0" uspid="105" ordinal="1" offset="1" sl="48" sc="17" el="48" ec="48" bec="2" bev="0" fileid="10" />
                <SequencePoint vc="0" uspid="106" ordinal="2" offset="14" sl="49" sc="21" el="49" ec="78" bec="0" bev="0" fileid="10" />
                <SequencePoint vc="0" uspid="107" ordinal="3" offset="31" sl="50" sc="17" el="50" ec="43" bec="0" bev="0" fileid="10" />
                <SequencePoint vc="0" uspid="108" ordinal="4" offset="40" sl="51" sc="13" el="51" ec="14" bec="0" bev="0" fileid="10" />
              </SequencePoints>
              <BranchPoints>
                <BranchPoint vc="0" uspid="109" ordinal="0" offset="12" sl="48" path="0" offsetend="14" fileid="10" />
                <BranchPoint vc="0" uspid="110" ordinal="1" offset="12" sl="48" path="1" offsetend="31" fileid="10" />
              </BranchPoints>
              <MethodPoint xsi:type="SequencePoint" vc="0" uspid="104" ordinal="0" offset="0" sl="47" sc="13" el="47" ec="14" bec="0" bev="0" fileid="10" />
            </Method>
            <Method visited="false" cyclomaticComplexity="2" nPathComplexity="2" sequenceCoverage="0" branchCoverage="0" crapScore="6" isConstructor="false" isStatic="false" isGetter="true" isSetter="false">
              <Summary numSequencePoints="5" visitedSequencePoints="0" numBranchPoints="3" visitedBranchPoints="0" sequenceCoverage="0" branchCoverage="0" maxCyclomaticComplexity="2" minCyclomaticComplexity="2" maxCrapScore="6" minCrapScore="6" visitedClasses="0" numClasses="0" visitedMethods="0" numMethods="1" />
              <MetadataToken>100663320</MetadataToken>
              <Name>DAL.Interfaces.IUserRepository DAL.Repositories.UnitOfWork::get_Users()</Name>
              <FileRef uid="10" />
              <SequencePoints>
                <SequencePoint vc="0" uspid="111" ordinal="0" offset="0" sl="57" sc="13" el="57" ec="14" bec="0" bev="0" fileid="10" />
                <SequencePoint vc="0" uspid="112" ordinal="1" offset="1" sl="58" sc="17" el="58" ec="44" bec="2" bev="0" fileid="10" />
                <SequencePoint vc="0" uspid="113" ordinal="2" offset="14" sl="59" sc="21" el="59" ec="61" bec="0" bev="0" fileid="10" />
                <SequencePoint vc="0" uspid="114" ordinal="3" offset="31" sl="60" sc="17" el="60" ec="39" bec="0" bev="0" fileid="10" />
                <SequencePoint vc="0" uspid="115" ordinal="4" offset="40" sl="61" sc="13" el="61" ec="14" bec="0" bev="0" fileid="10" />
              </SequencePoints>
              <BranchPoints>
                <BranchPoint vc="0" uspid="116" ordinal="0" offset="12" sl="58" path="0" offsetend="14" fileid="10" />
                <BranchPoint vc="0" uspid="117" ordinal="1" offset="12" sl="58" path="1" offsetend="31" fileid="10" />
              </BranchPoints>
              <MethodPoint xsi:type="SequencePoint" vc="0" uspid="111" ordinal="0" offset="0" sl="57" sc="13" el="57" ec="14" bec="0" bev="0" fileid="10" />
            </Method>
            <Method visited="false" cyclomaticComplexity="1" nPathComplexity="0" sequenceCoverage="0" branchCoverage="0" crapScore="2" isConstructor="true" isStatic="false" isGetter="false" isSetter="false">
              <Summary numSequencePoints="5" visitedSequencePoints="0" numBranchPoints="1" visitedBranchPoints="0" sequenceCoverage="0" branchCoverage="0" maxCyclomaticComplexity="1" minCyclomaticComplexity="1" maxCrapScore="2" minCrapScore="2" visitedClasses="0" numClasses="0" visitedMethods="0" numMethods="1" />
              <MetadataToken>100663316</MetadataToken>
              <Name>System.Void DAL.Repositories.UnitOfWork::.ctor(System.String)</Name>
              <FileRef uid="10" />
              <SequencePoints>
                <SequencePoint vc="0" uspid="118" ordinal="0" offset="0" sl="69" sc="9" el="69" ec="39" bec="0" bev="0" fileid="10" />
                <SequencePoint vc="0" uspid="119" ordinal="1" offset="7" sl="19" sc="9" el="19" ec="51" bec="0" bev="0" fileid="10" />
                <SequencePoint vc="0" uspid="120" ordinal="2" offset="14" sl="20" sc="9" el="20" ec="10" bec="0" bev="0" fileid="10" />
                <SequencePoint vc="0" uspid="121" ordinal="3" offset="15" sl="21" sc="13" el="21" ec="55" bec="0" bev="0" fileid="10" />
                <SequencePoint vc="0" uspid="122" ordinal="4" offset="27" sl="22" sc="9" el="22" ec="10" bec="0" bev="0" fileid="10" />
              </SequencePoints>
              <BranchPoints />
              <MethodPoint xsi:type="SequencePoint" vc="0" uspid="118" ordinal="0" offset="0" sl="69" sc="9" el="69" ec="39" bec="0" bev="0" fileid="10" />
            </Method>
            <Method visited="false" cyclomaticComplexity="1" nPathComplexity="0" sequenceCoverage="0" branchCoverage="0" crapScore="2" isConstructor="false" isStatic="false" isGetter="false" isSetter="false">
              <Summary numSequencePoints="3" visitedSequencePoints="0" numBranchPoints="1" visitedBranchPoints="0" sequenceCoverage="0" branchCoverage="0" maxCyclomaticComplexity="1" minCyclomaticComplexity="1" maxCrapScore="2" minCrapScore="2" visitedClasses="0" numClasses="0" visitedMethods="0" numMethods="1" />
              <MetadataToken>100663321</MetadataToken>
              <Name>System.Void DAL.Repositories.UnitOfWork::Save()</Name>
              <FileRef uid="10" />
              <SequencePoints>
                <SequencePoint vc="0" uspid="123" ordinal="0" offset="0" sl="65" sc="9" el="65" ec="10" bec="0" bev="0" fileid="10" />
                <SequencePoint vc="0" uspid="124" ordinal="1" offset="1" sl="66" sc="13" el="66" ec="30" bec="0" bev="0" fileid="10" />
                <SequencePoint vc="0" uspid="125" ordinal="2" offset="13" sl="67" sc="9" el="67" ec="10" bec="0" bev="0" fileid="10" />
              </SequencePoints>
              <BranchPoints />
              <MethodPoint xsi:type="SequencePoint" vc="0" uspid="123" ordinal="0" offset="0" sl="65" sc="9" el="65" ec="10" bec="0" bev="0" fileid="10" />
            </Method>
            <Method visited="false" cyclomaticComplexity="3" nPathComplexity="4" sequenceCoverage="0" branchCoverage="0" crapScore="12" isConstructor="false" isStatic="false" isGetter="false" isSetter="false">
              <Summary numSequencePoints="10" visitedSequencePoints="0" numBranchPoints="5" visitedBranchPoints="0" sequenceCoverage="0" branchCoverage="0" maxCyclomaticComplexity="3" minCyclomaticComplexity="3" maxCrapScore="12" minCrapScore="12" visitedClasses="0" numClasses="0" visitedMethods="0" numMethods="1" />
              <MetadataToken>100663322</MetadataToken>
              <Name>System.Void DAL.Repositories.UnitOfWork::Dispose(System.Boolean)</Name>
              <FileRef uid="10" />
              <SequencePoints>
                <SequencePoint vc="0" uspid="126" ordinal="0" offset="0" sl="72" sc="9" el="72" ec="10" bec="0" bev="0" fileid="10" />
                <SequencePoint vc="0" uspid="127" ordinal="1" offset="1" sl="73" sc="13" el="73" ec="32" bec="2" bev="0" fileid="10" />
                <SequencePoint vc="0" uspid="128" ordinal="2" offset="14" sl="74" sc="13" el="74" ec="14" bec="0" bev="0" fileid="10" />
                <SequencePoint vc="0" uspid="129" ordinal="3" offset="15" sl="75" sc="17" el="75" ec="31" bec="2" bev="0" fileid="10" />
                <SequencePoint vc="0" uspid="130" ordinal="4" offset="20" sl="76" sc="17" el="76" ec="18" bec="0" bev="0" fileid="10" />
                <SequencePoint vc="0" uspid="131" ordinal="5" offset="21" sl="77" sc="21" el="77" ec="34" bec="0" bev="0" fileid="10" />
                <SequencePoint vc="0" uspid="132" ordinal="6" offset="33" sl="78" sc="17" el="78" ec="18" bec="0" bev="0" fileid="10" />
                <SequencePoint vc="0" uspid="133" ordinal="7" offset="34" sl="79" sc="17" el="79" ec="38" bec="0" bev="0" fileid="10" />
                <SequencePoint vc="0" uspid="134" ordinal="8" offset="41" sl="80" sc="13" el="80" ec="14" bec="0" bev="0" fileid="10" />
                <SequencePoint vc="0" uspid="135" ordinal="9" offset="42" sl="81" sc="9" el="81" ec="10" bec="0" bev="0" fileid="10" />
              </SequencePoints>
              <BranchPoints>
                <BranchPoint vc="0" uspid="136" ordinal="0" offset="12" sl="73" path="0" offsetend="14" fileid="10" />
                <BranchPoint vc="0" uspid="137" ordinal="1" offset="12" sl="73" path="1" offsetend="42" fileid="10" />
                <BranchPoint vc="0" uspid="138" ordinal="2" offset="18" sl="75" path="0" offsetend="20" fileid="10" />
                <BranchPoint vc="0" uspid="139" ordinal="3" offset="18" sl="75" path="1" offsetend="34" fileid="10" />
              </BranchPoints>
              <MethodPoint xsi:type="SequencePoint" vc="0" uspid="126" ordinal="0" offset="0" sl="72" sc="9" el="72" ec="10" bec="0" bev="0" fileid="10" />
            </Method>
            <Method visited="false" cyclomaticComplexity="1" nPathComplexity="0" sequenceCoverage="0" branchCoverage="0" crapScore="2" isConstructor="false" isStatic="false" isGetter="false" isSetter="false">
              <Summary numSequencePoints="4" visitedSequencePoints="0" numBranchPoints="1" visitedBranchPoints="0" sequenceCoverage="0" branchCoverage="0" maxCyclomaticComplexity="1" minCyclomaticComplexity="1" maxCrapScore="2" minCrapScore="2" visitedClasses="0" numClasses="0" visitedMethods="0" numMethods="1" />
              <MetadataToken>100663323</MetadataToken>
              <Name>System.Void DAL.Repositories.UnitOfWork::Dispose()</Name>
              <FileRef uid="10" />
              <SequencePoints>
                <SequencePoint vc="0" uspid="140" ordinal="0" offset="0" sl="84" sc="9" el="84" ec="10" bec="0" bev="0" fileid="10" />
                <SequencePoint vc="0" uspid="141" ordinal="1" offset="1" sl="85" sc="13" el="85" ec="27" bec="0" bev="0" fileid="10" />
                <SequencePoint vc="0" uspid="142" ordinal="2" offset="9" sl="86" sc="13" el="86" ec="39" bec="0" bev="0" fileid="10" />
                <SequencePoint vc="0" uspid="143" ordinal="3" offset="16" sl="87" sc="9" el="87" ec="10" bec="0" bev="0" fileid="10" />
              </SequencePoints>
              <BranchPoints />
              <MethodPoint xsi:type="SequencePoint" vc="0" uspid="140" ordinal="0" offset="0" sl="84" sc="9" el="84" ec="10" bec="0" bev="0" fileid="10" />
            </Method>
          </Methods>
        </Class>
        <Class>
          <Summary numSequencePoints="24" visitedSequencePoints="0" numBranchPoints="9" visitedBranchPoints="0" sequenceCoverage="0" branchCoverage="0" maxCyclomaticComplexity="2" minCyclomaticComplexity="1" maxCrapScore="6" minCrapScore="2" visitedClasses="0" numClasses="1" visitedMethods="0" numMethods="7" />
          <FullName>DAL.Repositories.UserRepository</FullName>
          <Methods>
            <Method visited="false" cyclomaticComplexity="1" nPathComplexity="0" sequenceCoverage="0" branchCoverage="0" crapScore="2" isConstructor="true" isStatic="false" isGetter="false" isSetter="false">
              <Summary numSequencePoints="4" visitedSequencePoints="0" numBranchPoints="1" visitedBranchPoints="0" sequenceCoverage="0" branchCoverage="0" maxCyclomaticComplexity="1" minCyclomaticComplexity="1" maxCrapScore="2" minCrapScore="2" visitedClasses="0" numClasses="0" visitedMethods="0" numMethods="1" />
              <MetadataToken>100663324</MetadataToken>
              <Name>System.Void DAL.Repositories.UserRepository::.ctor(DAL.AuctionContext)</Name>
              <FileRef uid="11" />
              <SequencePoints>
                <SequencePoint vc="0" uspid="144" ordinal="0" offset="0" sl="16" sc="9" el="16" ec="49" bec="0" bev="0" fileid="11" />
                <SequencePoint vc="0" uspid="145" ordinal="1" offset="7" sl="17" sc="9" el="17" ec="10" bec="0" bev="0" fileid="11" />
                <SequencePoint vc="0" uspid="146" ordinal="2" offset="8" sl="18" sc="13" el="18" ec="27" bec="0" bev="0" fileid="11" />
                <SequencePoint vc="0" uspid="147" ordinal="3" offset="15" sl="19" sc="9" el="19" ec="10" bec="0" bev="0" fileid="11" />
              </SequencePoints>
              <BranchPoints />
              <MethodPoint xsi:type="SequencePoint" vc="0" uspid="144" ordinal="0" offset="0" sl="16" sc="9" el="16" ec="49" bec="0" bev="0" fileid="11" />
            </Method>
            <Method visited="false" cyclomaticComplexity="1" nPathComplexity="0" sequenceCoverage="0" branchCoverage="0" crapScore="2" isConstructor="false" isStatic="false" isGetter="false" isSetter="false">
              <Summary numSequencePoints="3" visitedSequencePoints="0" numBranchPoints="1" visitedBranchPoints="0" sequenceCoverage="0" branchCoverage="0" maxCyclomaticComplexity="1" minCyclomaticComplexity="1" maxCrapScore="2" minCrapScore="2" visitedClasses="0" numClasses="0" visitedMethods="0" numMethods="1" />
              <MetadataToken>100663325</MetadataToken>
              <Name>System.Collections.Generic.IEnumerable`1&lt;DAL.Entities.User&gt; DAL.Repositories.UserRepository::GetAll()</Name>
              <FileRef uid="11" />
              <SequencePoints>
                <SequencePoint vc="0" uspid="148" ordinal="0" offset="0" sl="22" sc="9" el="22" ec="10" bec="0" bev="0" fileid="11" />
                <SequencePoint vc="0" uspid="149" ordinal="1" offset="1" sl="23" sc="13" el="23" ec="43" bec="0" bev="0" fileid="11" />
                <SequencePoint vc="0" uspid="150" ordinal="2" offset="15" sl="24" sc="9" el="24" ec="10" bec="0" bev="0" fileid="11" />
              </SequencePoints>
              <BranchPoints />
              <MethodPoint xsi:type="SequencePoint" vc="0" uspid="148" ordinal="0" offset="0" sl="22" sc="9" el="22" ec="10" bec="0" bev="0" fileid="11" />
            </Method>
            <Method visited="false" cyclomaticComplexity="1" nPathComplexity="0" sequenceCoverage="0" branchCoverage="0" crapScore="2" isConstructor="false" isStatic="false" isGetter="false" isSetter="false">
              <Summary numSequencePoints="3" visitedSequencePoints="0" numBranchPoints="1" visitedBranchPoints="0" sequenceCoverage="0" branchCoverage="0" maxCyclomaticComplexity="1" minCyclomaticComplexity="1" maxCrapScore="2" minCrapScore="2" visitedClasses="0" numClasses="0" visitedMethods="0" numMethods="1" />
              <MetadataToken>100663326</MetadataToken>
              <Name>DAL.Entities.User DAL.Repositories.UserRepository::Get(System.String)</Name>
              <FileRef uid="11" />
              <SequencePoints>
                <SequencePoint vc="0" uspid="151" ordinal="0" offset="0" sl="27" sc="9" el="27" ec="10" bec="0" bev="0" fileid="11" />
                <SequencePoint vc="0" uspid="152" ordinal="1" offset="1" sl="28" sc="13" el="28" ec="52" bec="0" bev="0" fileid="11" />
                <SequencePoint vc="0" uspid="153" ordinal="2" offset="30" sl="29" sc="9" el="29" ec="10" bec="0" bev="0" fileid="11" />
              </SequencePoints>
              <BranchPoints />
              <MethodPoint xsi:type="SequencePoint" vc="0" uspid="151" ordinal="0" offset="0" sl="27" sc="9" el="27" ec="10" bec="0" bev="0" fileid="11" />
            </Method>
            <Method visited="false" cyclomaticComplexity="1" nPathComplexity="0" sequenceCoverage="0" branchCoverage="0" crapScore="2" isConstructor="false" isStatic="false" isGetter="false" isSetter="false">
              <Summary numSequencePoints="3" visitedSequencePoints="0" numBranchPoints="1" visitedBranchPoints="0" sequenceCoverage="0" branchCoverage="0" maxCyclomaticComplexity="1" minCyclomaticComplexity="1" maxCrapScore="2" minCrapScore="2" visitedClasses="0" numClasses="0" visitedMethods="0" numMethods="1" />
              <MetadataToken>100663327</MetadataToken>
              <Name>System.Void DAL.Repositories.UserRepository::Create(DAL.Entities.User)</Name>
              <FileRef uid="11" />
              <SequencePoints>
                <SequencePoint vc="0" uspid="154" ordinal="0" offset="0" sl="32" sc="9" el="32" ec="10" bec="0" bev="0" fileid="11" />
                <SequencePoint vc="0" uspid="155" ordinal="1" offset="1" sl="33" sc="13" el="33" ec="46" bec="0" bev="0" fileid="11" />
                <SequencePoint vc="0" uspid="156" ordinal="2" offset="19" sl="34" sc="9" el="34" ec="10" bec="0" bev="0" fileid="11" />
              </SequencePoints>
              <BranchPoints />
              <MethodPoint xsi:type="SequencePoint" vc="0" uspid="154" ordinal="0" offset="0" sl="32" sc="9" el="32" ec="10" bec="0" bev="0" fileid="11" />
            </Method>
            <Method visited="false" cyclomaticComplexity="1" nPathComplexity="0" sequenceCoverage="0" branchCoverage="0" crapScore="2" isConstructor="false" isStatic="false" isGetter="false" isSetter="false">
              <Summary numSequencePoints="3" visitedSequencePoints="0" numBranchPoints="1" visitedBranchPoints="0" sequenceCoverage="0" branchCoverage="0" maxCyclomaticComplexity="1" minCyclomaticComplexity="1" maxCrapScore="2" minCrapScore="2" visitedClasses="0" numClasses="0" visitedMethods="0" numMethods="1" />
              <MetadataToken>100663328</MetadataToken>
              <Name>System.Void DAL.Repositories.UserRepository::Update(DAL.Entities.User)</Name>
              <FileRef uid="11" />
              <SequencePoints>
                <SequencePoint vc="0" uspid="157" ordinal="0" offset="0" sl="37" sc="9" el="37" ec="10" bec="0" bev="0" fileid="11" />
                <SequencePoint vc="0" uspid="158" ordinal="1" offset="1" sl="38" sc="13" el="38" ec="63" bec="0" bev="0" fileid="11" />
                <SequencePoint vc="0" uspid="159" ordinal="2" offset="21" sl="39" sc="9" el="39" ec="10" bec="0" bev="0" fileid="11" />
              </SequencePoints>
              <BranchPoints />
              <MethodPoint xsi:type="SequencePoint" vc="0" uspid="157" ordinal="0" offset="0" sl="37" sc="9" el="37" ec="10" bec="0" bev="0" fileid="11" />
            </Method>
            <Method visited="false" cyclomaticComplexity="2" nPathComplexity="2" sequenceCoverage="0" branchCoverage="0" crapScore="6" isConstructor="false" isStatic="false" isGetter="false" isSetter="false">
              <Summary numSequencePoints="5" visitedSequencePoints="0" numBranchPoints="3" visitedBranchPoints="0" sequenceCoverage="0" branchCoverage="0" maxCyclomaticComplexity="2" minCyclomaticComplexity="2" maxCrapScore="6" minCrapScore="6" visitedClasses="0" numClasses="0" visitedMethods="0" numMethods="1" />
              <MetadataToken>100663329</MetadataToken>
              <Name>System.Void DAL.Repositories.UserRepository::Delete(System.String)</Name>
              <FileRef uid="11" />
              <SequencePoints>
                <SequencePoint vc="0" uspid="160" ordinal="0" offset="0" sl="42" sc="9" el="42" ec="10" bec="0" bev="0" fileid="11" />
                <SequencePoint vc="0" uspid="161" ordinal="1" offset="1" sl="43" sc="13" el="43" ec="57" bec="0" bev="0" fileid="11" />
                <SequencePoint vc="0" uspid="162" ordinal="2" offset="28" sl="44" sc="13" el="44" ec="30" bec="2" bev="0" fileid="11" />
                <SequencePoint vc="0" uspid="163" ordinal="3" offset="36" sl="45" sc="17" el="45" ec="53" bec="0" bev="0" fileid="11" />
                <SequencePoint vc="0" uspid="164" ordinal="4" offset="54" sl="46" sc="9" el="46" ec="10" bec="0" bev="0" fileid="11" />
              </SequencePoints>
              <BranchPoints>
                <BranchPoint vc="0" uspid="165" ordinal="0" offset="34" sl="44" path="0" offsetend="36" fileid="11" />
                <BranchPoint vc="0" uspid="166" ordinal="1" offset="34" sl="44" path="1" offsetend="54" fileid="11" />
              </BranchPoints>
              <MethodPoint xsi:type="SequencePoint" vc="0" uspid="160" ordinal="0" offset="0" sl="42" sc="9" el="42" ec="10" bec="0" bev="0" fileid="11" />
            </Method>
            <Method visited="false" cyclomaticComplexity="1" nPathComplexity="0" sequenceCoverage="0" branchCoverage="0" crapScore="2" isConstructor="false" isStatic="false" isGetter="false" isSetter="false">
              <Summary numSequencePoints="3" visitedSequencePoints="0" numBranchPoints="1" visitedBranchPoints="0" sequenceCoverage="0" branchCoverage="0" maxCyclomaticComplexity="1" minCyclomaticComplexity="1" maxCrapScore="2" minCrapScore="2" visitedClasses="0" numClasses="0" visitedMethods="0" numMethods="1" />
              <MetadataToken>100663330</MetadataToken>
              <Name>System.Collections.Generic.IEnumerable`1&lt;DAL.Entities.User&gt; DAL.Repositories.UserRepository::Find(System.Func`2&lt;DAL.Entities.User,System.Boolean&gt;)</Name>
              <FileRef uid="11" />
              <SequencePoints>
                <SequencePoint vc="0" uspid="167" ordinal="0" offset="0" sl="49" sc="9" el="49" ec="10" bec="0" bev="0" fileid="11" />
                <SequencePoint vc="0" uspid="168" ordinal="1" offset="1" sl="50" sc="13" el="50" ec="69" bec="0" bev="0" fileid="11" />
                <SequencePoint vc="0" uspid="169" ordinal="2" offset="26" sl="51" sc="9" el="51" ec="10" bec="0" bev="0" fileid="11" />
              </SequencePoints>
              <BranchPoints />
              <MethodPoint xsi:type="SequencePoint" vc="0" uspid="167" ordinal="0" offset="0" sl="49" sc="9" el="49" ec="10" bec="0" bev="0" fileid="11" />
            </Method>
          </Methods>
        </Class>
        <Class>
          <Summary numSequencePoints="3" visitedSequencePoints="0" numBranchPoints="1" visitedBranchPoints="0" sequenceCoverage="0" branchCoverage="0" maxCyclomaticComplexity="1" minCyclomaticComplexity="1" maxCrapScore="2" minCrapScore="2" visitedClasses="0" numClasses="1" visitedMethods="0" numMethods="1" />
          <FullName>DAL.Identity.Repositories.ApplicationRoleManager</FullName>
          <Methods>
            <Method visited="false" cyclomaticComplexity="1" nPathComplexity="0" sequenceCoverage="0" branchCoverage="0" crapScore="2" isConstructor="true" isStatic="false" isGetter="false" isSetter="false">
              <Summary numSequencePoints="3" visitedSequencePoints="0" numBranchPoints="1" visitedBranchPoints="0" sequenceCoverage="0" branchCoverage="0" maxCyclomaticComplexity="1" minCyclomaticComplexity="1" maxCrapScore="2" minCrapScore="2" visitedClasses="0" numClasses="0" visitedMethods="0" numMethods="1" />
              <MetadataToken>100663348</MetadataToken>
              <Name>System.Void DAL.Identity.Repositories.ApplicationRoleManager::.ctor(Microsoft.AspNet.Identity.EntityFramework.RoleStore`1&lt;DAL.Identity.Entities.ApplicationRole&gt;)</Name>
              <FileRef uid="12" />
              <SequencePoints>
                <SequencePoint vc="0" uspid="170" ordinal="0" offset="0" sl="14" sc="75" el="14" ec="86" bec="0" bev="0" fileid="12" />
                <SequencePoint vc="0" uspid="171" ordinal="1" offset="8" sl="14" sc="87" el="14" ec="88" bec="0" bev="0" fileid="12" />
                <SequencePoint vc="0" uspid="172" ordinal="2" offset="9" sl="14" sc="88" el="14" ec="89" bec="0" bev="0" fileid="12" />
              </SequencePoints>
              <BranchPoints />
              <MethodPoint xsi:type="SequencePoint" vc="0" uspid="170" ordinal="0" offset="0" sl="14" sc="75" el="14" ec="86" bec="0" bev="0" fileid="12" />
            </Method>
          </Methods>
        </Class>
        <Class>
          <Summary numSequencePoints="14" visitedSequencePoints="0" numBranchPoints="4" visitedBranchPoints="0" sequenceCoverage="0" branchCoverage="0" maxCyclomaticComplexity="2" minCyclomaticComplexity="1" maxCrapScore="6" minCrapScore="2" visitedClasses="0" numClasses="1" visitedMethods="0" numMethods="2" />
          <FullName>DAL.Identity.Repositories.ApplicationUserManager</FullName>
          <Methods>
            <Method visited="false" cyclomaticComplexity="1" nPathComplexity="0" sequenceCoverage="0" branchCoverage="0" crapScore="2" isConstructor="true" isStatic="false" isGetter="false" isSetter="false">
              <Summary numSequencePoints="3" visitedSequencePoints="0" numBranchPoints="1" visitedBranchPoints="0" sequenceCoverage="0" branchCoverage="0" maxCyclomaticComplexity="1" minCyclomaticComplexity="1" maxCrapScore="2" minCrapScore="2" visitedClasses="0" numClasses="0" visitedMethods="0" numMethods="1" />
              <MetadataToken>100663349</MetadataToken>
              <Name>System.Void DAL.Identity.Repositories.ApplicationUserManager::.ctor(Microsoft.AspNet.Identity.IUserStore`1&lt;DAL.Identity.Entities.ApplicationUser&gt;)</Name>
              <FileRef uid="13" />
              <SequencePoints>
                <SequencePoint vc="0" uspid="173" ordinal="0" offset="0" sl="15" sc="76" el="15" ec="87" bec="0" bev="0" fileid="13" />
                <SequencePoint vc="0" uspid="174" ordinal="1" offset="8" sl="15" sc="88" el="15" ec="89" bec="0" bev="0" fileid="13" />
                <SequencePoint vc="0" uspid="175" ordinal="2" offset="9" sl="15" sc="89" el="15" ec="90" bec="0" bev="0" fileid="13" />
              </SequencePoints>
              <BranchPoints />
              <MethodPoint xsi:type="SequencePoint" vc="0" uspid="173" ordinal="0" offset="0" sl="15" sc="76" el="15" ec="87" bec="0" bev="0" fileid="13" />
            </Method>
            <Method visited="false" cyclomaticComplexity="2" nPathComplexity="2" sequenceCoverage="0" branchCoverage="0" crapScore="6" isConstructor="false" isStatic="true" isGetter="false" isSetter="false">
              <Summary numSequencePoints="11" visitedSequencePoints="0" numBranchPoints="3" visitedBranchPoints="0" sequenceCoverage="0" branchCoverage="0" maxCyclomaticComplexity="2" minCyclomaticComplexity="2" maxCrapScore="6" minCrapScore="6" visitedClasses="0" numClasses="0" visitedMethods="0" numMethods="1" />
              <MetadataToken>100663350</MetadataToken>
              <Name>DAL.Identity.Repositories.ApplicationUserManager DAL.Identity.Repositories.ApplicationUserManager::Create(Microsoft.AspNet.Identity.Owin.IdentityFactoryOptions`1&lt;DAL.Identity.Repositories.ApplicationUserManager&gt;)</Name>
              <FileRef uid="13" />
              <SequencePoints>
                <SequencePoint vc="0" uspid="176" ordinal="0" offset="0" sl="18" sc="9" el="18" ec="10" bec="0" bev="0" fileid="13" />
                <SequencePoint vc="0" uspid="177" ordinal="1" offset="1" sl="19" sc="13" el="19" ec="103" bec="0" bev="0" fileid="13" />
                <SequencePoint vc="0" uspid="178" ordinal="2" offset="12" sl="21" sc="13" el="25" ec="15" bec="0" bev="0" fileid="13" />
                <SequencePoint vc="0" uspid="179" ordinal="3" offset="41" sl="27" sc="13" el="34" ec="15" bec="0" bev="0" fileid="13" />
                <SequencePoint vc="0" uspid="180" ordinal="4" offset="61" sl="35" sc="13" el="35" ec="73" bec="0" bev="0" fileid="13" />
                <SequencePoint vc="0" uspid="181" ordinal="5" offset="68" sl="36" sc="13" el="36" ec="48" bec="2" bev="0" fileid="13" />
                <SequencePoint vc="0" uspid="182" ordinal="6" offset="76" sl="37" sc="13" el="37" ec="14" bec="0" bev="0" fileid="13" />
                <SequencePoint vc="0" uspid="183" ordinal="7" offset="77" sl="38" sc="17" el="38" ec="144" bec="0" bev="0" fileid="13" />
                <SequencePoint vc="0" uspid="184" ordinal="8" offset="109" sl="39" sc="13" el="39" ec="14" bec="0" bev="0" fileid="13" />
                <SequencePoint vc="0" uspid="185" ordinal="9" offset="110" sl="40" sc="13" el="40" ec="28" bec="0" bev="0" fileid="13" />
                <SequencePoint vc="0" uspid="186" ordinal="10" offset="114" sl="41" sc="9" el="41" ec="10" bec="0" bev="0" fileid="13" />
              </SequencePoints>
              <BranchPoints>
                <BranchPoint vc="0" uspid="187" ordinal="0" offset="74" sl="36" path="0" offsetend="76" fileid="13" />
                <BranchPoint vc="0" uspid="188" ordinal="1" offset="74" sl="36" path="1" offsetend="110" fileid="13" />
              </BranchPoints>
              <MethodPoint xsi:type="SequencePoint" vc="0" uspid="176" ordinal="0" offset="0" sl="18" sc="9" el="18" ec="10" bec="0" bev="0" fileid="13" />
            </Method>
          </Methods>
        </Class>
        <Class>
          <Summary numSequencePoints="11" visitedSequencePoints="0" numBranchPoints="3" visitedBranchPoints="0" sequenceCoverage="0" branchCoverage="0" maxCyclomaticComplexity="1" minCyclomaticComplexity="1" maxCrapScore="2" minCrapScore="2" visitedClasses="0" numClasses="1" visitedMethods="0" numMethods="3" />
          <FullName>DAL.Identity.Repositories.ClientManager</FullName>
          <Methods>
            <Method visited="false" cyclomaticComplexity="1" nPathComplexity="0" sequenceCoverage="0" branchCoverage="0" crapScore="2" isConstructor="true" isStatic="false" isGetter="false" isSetter="false">
              <Summary numSequencePoints="4" visitedSequencePoints="0" numBranchPoints="1" visitedBranchPoints="0" sequenceCoverage="0" branchCoverage="0" maxCyclomaticComplexity="1" minCyclomaticComplexity="1" maxCrapScore="2" minCrapScore="2" visitedClasses="0" numClasses="0" visitedMethods="0" numMethods="1" />
              <MetadataToken>100663351</MetadataToken>
              <Name>System.Void DAL.Identity.Repositories.ClientManager::.ctor(DAL.AuctionContext)</Name>
              <FileRef uid="14" />
              <SequencePoints>
                <SequencePoint vc="0" uspid="189" ordinal="0" offset="0" sl="14" sc="9" el="14" ec="48" bec="0" bev="0" fileid="14" />
                <SequencePoint vc="0" uspid="190" ordinal="1" offset="7" sl="15" sc="9" el="15" ec="10" bec="0" bev="0" fileid="14" />
                <SequencePoint vc="0" uspid="191" ordinal="2" offset="8" sl="16" sc="13" el="16" ec="27" bec="0" bev="0" fileid="14" />
                <SequencePoint vc="0" uspid="192" ordinal="3" offset="15" sl="17" sc="9" el="17" ec="10" bec="0" bev="0" fileid="14" />
              </SequencePoints>
              <BranchPoints />
              <MethodPoint xsi:type="SequencePoint" vc="0" uspid="189" ordinal="0" offset="0" sl="14" sc="9" el="14" ec="48" bec="0" bev="0" fileid="14" />
            </Method>
            <Method visited="false" cyclomaticComplexity="1" nPathComplexity="0" sequenceCoverage="0" branchCoverage="0" crapScore="2" isConstructor="false" isStatic="false" isGetter="false" isSetter="false">
              <Summary numSequencePoints="4" visitedSequencePoints="0" numBranchPoints="1" visitedBranchPoints="0" sequenceCoverage="0" branchCoverage="0" maxCyclomaticComplexity="1" minCyclomaticComplexity="1" maxCrapScore="2" minCrapScore="2" visitedClasses="0" numClasses="0" visitedMethods="0" numMethods="1" />
              <MetadataToken>100663352</MetadataToken>
[...]
              <MetadataToken>100663415</MetadataToken>
              <Name>System.String BLL.DTOs.ProductDTO::get_Name()</Name>
              <FileRef uid="58" />
              <SequencePoints />
              <BranchPoints />
            </Method>
            <Method skippedDueTo="AutoImplementedProperty" visited="false" cyclomaticComplexity="1" nPathComplexity="0" sequenceCoverage="0" branchCoverage="0" crapScore="0" isConstructor="false" isStatic="false" isGetter="false" isSetter="true">
              <MetadataToken>100663416</MetadataToken>
              <Name>System.Void BLL.DTOs.ProductDTO::set_Name(System.String)</Name>
              <FileRef uid="58" />
              <SequencePoints />
              <BranchPoints />
            </Method>
            <Method skippedDueTo="AutoImplementedProperty" visited="false" cyclomaticComplexity="1" nPathComplexity="0" sequenceCoverage="0" branchCoverage="0" crapScore="0" isConstructor="false" isStatic="false" isGetter="true" isSetter="false">
              <MetadataToken>100663417</MetadataToken>
              <Name>System.String BLL.DTOs.ProductDTO::get_Description()</Name>
              <FileRef uid="58" />
              <SequencePoints />
              <BranchPoints />
            </Method>
            <Method skippedDueTo="AutoImplementedProperty" visited="false" cyclomaticComplexity="1" nPathComplexity="0" sequenceCoverage="0" branchCoverage="0" crapScore="0" isConstructor="false" isStatic="false" isGetter="false" isSetter="true">
              <MetadataToken>100663418</MetadataToken>
              <Name>System.Void BLL.DTOs.ProductDTO::set_Description(System.String)</Name>
              <FileRef uid="58" />
              <SequencePoints />
              <BranchPoints />
            </Method>
            <Method skippedDueTo="AutoImplementedProperty" visited="false" cyclomaticComplexity="1" nPathComplexity="0" sequenceCoverage="0" branchCoverage="0" crapScore="0" isConstructor="false" isStatic="false" isGetter="true" isSetter="false">
              <MetadataToken>100663419</MetadataToken>
              <Name>System.String BLL.DTOs.ProductDTO::get_Image()</Name>
              <FileRef uid="58" />
              <SequencePoints />
              <BranchPoints />
            </Method>
            <Method skippedDueTo="AutoImplementedProperty" visited="false" cyclomaticComplexity="1" nPathComplexity="0" sequenceCoverage="0" branchCoverage="0" crapScore="0" isConstructor="false" isStatic="false" isGetter="false" isSetter="true">
              <MetadataToken>100663420</MetadataToken>
              <Name>System.Void BLL.DTOs.ProductDTO::set_Image(System.String)</Name>
              <FileRef uid="58" />
              <SequencePoints />
              <BranchPoints />
            </Method>
            <Method skippedDueTo="AutoImplementedProperty" visited="false" cyclomaticComplexity="1" nPathComplexity="0" sequenceCoverage="0" branchCoverage="0" crapScore="0" isConstructor="false" isStatic="false" isGetter="true" isSetter="false">
              <MetadataToken>100663421</MetadataToken>
              <Name>System.Decimal BLL.DTOs.ProductDTO::get_Price()</Name>
              <FileRef uid="58" />
              <SequencePoints />
              <BranchPoints />
            </Method>
            <Method skippedDueTo="AutoImplementedProperty" visited="false" cyclomaticComplexity="1" nPathComplexity="0" sequenceCoverage="0" branchCoverage="0" crapScore="0" isConstructor="false" isStatic="false" isGetter="false" isSetter="true">
              <MetadataToken>100663422</MetadataToken>
              <Name>System.Void BLL.DTOs.ProductDTO::set_Price(System.Decimal)</Name>
              <FileRef uid="58" />
              <SequencePoints />
              <BranchPoints />
            </Method>
            <Method skippedDueTo="AutoImplementedProperty" visited="false" cyclomaticComplexity="1" nPathComplexity="0" sequenceCoverage="0" branchCoverage="0" crapScore="0" isConstructor="false" isStatic="false" isGetter="true" isSetter="false">
              <MetadataToken>100663423</MetadataToken>
              <Name>System.Boolean BLL.DTOs.ProductDTO::get_IsConfirmed()</Name>
              <FileRef uid="58" />
              <SequencePoints />
              <BranchPoints />
            </Method>
            <Method skippedDueTo="AutoImplementedProperty" visited="false" cyclomaticComplexity="1" nPathComplexity="0" sequenceCoverage="0" branchCoverage="0" crapScore="0" isConstructor="false" isStatic="false" isGetter="false" isSetter="true">
              <MetadataToken>100663424</MetadataToken>
              <Name>System.Void BLL.DTOs.ProductDTO::set_IsConfirmed(System.Boolean)</Name>
              <FileRef uid="58" />
              <SequencePoints />
              <BranchPoints />
            </Method>
            <Method skippedDueTo="AutoImplementedProperty" visited="false" cyclomaticComplexity="1" nPathComplexity="0" sequenceCoverage="0" branchCoverage="0" crapScore="0" isConstructor="false" isStatic="false" isGetter="true" isSetter="false">
              <MetadataToken>100663425</MetadataToken>
              <Name>System.Boolean BLL.DTOs.ProductDTO::get_IsSold()</Name>
              <FileRef uid="58" />
              <SequencePoints />
              <BranchPoints />
            </Method>
            <Method skippedDueTo="AutoImplementedProperty" visited="false" cyclomaticComplexity="1" nPathComplexity="0" sequenceCoverage="0" branchCoverage="0" crapScore="0" isConstructor="false" isStatic="false" isGetter="false" isSetter="true">
              <MetadataToken>100663426</MetadataToken>
              <Name>System.Void BLL.DTOs.ProductDTO::set_IsSold(System.Boolean)</Name>
              <FileRef uid="58" />
              <SequencePoints />
              <BranchPoints />
            </Method>
            <Method skippedDueTo="AutoImplementedProperty" visited="false" cyclomaticComplexity="1" nPathComplexity="0" sequenceCoverage="0" branchCoverage="0" crapScore="0" isConstructor="false" isStatic="false" isGetter="true" isSetter="false">
              <MetadataToken>100663427</MetadataToken>
              <Name>BLL.DTOs.CategoryDTO BLL.DTOs.ProductDTO::get_Category()</Name>
              <FileRef uid="58" />
              <SequencePoints />
              <BranchPoints />
            </Method>
            <Method skippedDueTo="AutoImplementedProperty" visited="false" cyclomaticComplexity="1" nPathComplexity="0" sequenceCoverage="0" branchCoverage="0" crapScore="0" isConstructor="false" isStatic="false" isGetter="false" isSetter="true">
              <MetadataToken>100663428</MetadataToken>
              <Name>System.Void BLL.DTOs.ProductDTO::set_Category(BLL.DTOs.CategoryDTO)</Name>
              <FileRef uid="58" />
              <SequencePoints />
              <BranchPoints />
            </Method>
            <Method skippedDueTo="AutoImplementedProperty" visited="false" cyclomaticComplexity="1" nPathComplexity="0" sequenceCoverage="0" branchCoverage="0" crapScore="0" isConstructor="false" isStatic="false" isGetter="true" isSetter="false">
              <MetadataToken>100663429</MetadataToken>
              <Name>BLL.DTOs.UserDTO BLL.DTOs.ProductDTO::get_Owner()</Name>
              <FileRef uid="58" />
              <SequencePoints />
              <BranchPoints />
            </Method>
            <Method skippedDueTo="AutoImplementedProperty" visited="false" cyclomaticComplexity="1" nPathComplexity="0" sequenceCoverage="0" branchCoverage="0" crapScore="0" isConstructor="false" isStatic="false" isGetter="false" isSetter="true">
              <MetadataToken>100663430</MetadataToken>
              <Name>System.Void BLL.DTOs.ProductDTO::set_Owner(BLL.DTOs.UserDTO)</Name>
              <FileRef uid="58" />
              <SequencePoints />
              <BranchPoints />
            </Method>
            <Method visited="false" cyclomaticComplexity="1" nPathComplexity="0" sequenceCoverage="0" branchCoverage="0" crapScore="2" isConstructor="true" isStatic="false" isGetter="false" isSetter="false">
              <Summary numSequencePoints="5" visitedSequencePoints="0" numBranchPoints="1" visitedBranchPoints="0" sequenceCoverage="0" branchCoverage="0" maxCyclomaticComplexity="1" minCyclomaticComplexity="1" maxCrapScore="2" minCrapScore="2" visitedClasses="0" numClasses="0" visitedMethods="0" numMethods="1" />
              <MetadataToken>100663431</MetadataToken>
              <Name>System.Void BLL.DTOs.ProductDTO::.ctor()</Name>
              <FileRef uid="58" />
              <SequencePoints>
                <SequencePoint vc="0" uspid="771" ordinal="0" offset="0" sl="23" sc="9" el="23" ec="28" bec="0" bev="0" fileid="58" />
                <SequencePoint vc="0" uspid="772" ordinal="1" offset="7" sl="24" sc="9" el="24" ec="10" bec="0" bev="0" fileid="58" />
                <SequencePoint vc="0" uspid="773" ordinal="2" offset="8" sl="25" sc="13" el="25" ec="33" bec="0" bev="0" fileid="58" />
                <SequencePoint vc="0" uspid="774" ordinal="3" offset="16" sl="26" sc="13" el="26" ec="28" bec="0" bev="0" fileid="58" />
                <SequencePoint vc="0" uspid="775" ordinal="4" offset="24" sl="27" sc="9" el="27" ec="10" bec="0" bev="0" fileid="58" />
              </SequencePoints>
              <BranchPoints />
              <MethodPoint xsi:type="SequencePoint" vc="0" uspid="771" ordinal="0" offset="0" sl="23" sc="9" el="23" ec="28" bec="0" bev="0" fileid="58" />
            </Method>
          </Methods>
        </Class>
        <Class>
          <Summary numSequencePoints="5" visitedSequencePoints="0" numBranchPoints="1" visitedBranchPoints="0" sequenceCoverage="0" branchCoverage="0" maxCyclomaticComplexity="1" minCyclomaticComplexity="1" maxCrapScore="2" minCrapScore="2" visitedClasses="0" numClasses="1" visitedMethods="0" numMethods="1" />
          <FullName>BLL.DTOs.UserDTO</FullName>
          <Methods>
            <Method skippedDueTo="AutoImplementedProperty" visited="false" cyclomaticComplexity="1" nPathComplexity="0" sequenceCoverage="0" branchCoverage="0" crapScore="0" isConstructor="false" isStatic="false" isGetter="true" isSetter="false">
              <MetadataToken>100663432</MetadataToken>
              <Name>System.String BLL.DTOs.UserDTO::get_Id()</Name>
              <FileRef uid="59" />
              <SequencePoints />
              <BranchPoints />
            </Method>
            <Method skippedDueTo="AutoImplementedProperty" visited="false" cyclomaticComplexity="1" nPathComplexity="0" sequenceCoverage="0" branchCoverage="0" crapScore="0" isConstructor="false" isStatic="false" isGetter="false" isSetter="true">
              <MetadataToken>100663433</MetadataToken>
              <Name>System.Void BLL.DTOs.UserDTO::set_Id(System.String)</Name>
              <FileRef uid="59" />
              <SequencePoints />
              <BranchPoints />
            </Method>
            <Method skippedDueTo="AutoImplementedProperty" visited="false" cyclomaticComplexity="1" nPathComplexity="0" sequenceCoverage="0" branchCoverage="0" crapScore="0" isConstructor="false" isStatic="false" isGetter="true" isSetter="false">
              <MetadataToken>100663434</MetadataToken>
              <Name>System.String BLL.DTOs.UserDTO::get_Name()</Name>
              <FileRef uid="59" />
              <SequencePoints />
              <BranchPoints />
            </Method>
            <Method skippedDueTo="AutoImplementedProperty" visited="false" cyclomaticComplexity="1" nPathComplexity="0" sequenceCoverage="0" branchCoverage="0" crapScore="0" isConstructor="false" isStatic="false" isGetter="false" isSetter="true">
              <MetadataToken>100663435</MetadataToken>
              <Name>System.Void BLL.DTOs.UserDTO::set_Name(System.String)</Name>
              <FileRef uid="59" />
              <SequencePoints />
              <BranchPoints />
            </Method>
            <Method skippedDueTo="AutoImplementedProperty" visited="false" cyclomaticComplexity="1" nPathComplexity="0" sequenceCoverage="0" branchCoverage="0" crapScore="0" isConstructor="false" isStatic="false" isGetter="true" isSetter="false">
              <MetadataToken>100663436</MetadataToken>
              <Name>System.Collections.Generic.ICollection`1&lt;BLL.DTOs.ProductDTO&gt; BLL.DTOs.UserDTO::get_OwnedProducts()</Name>
              <FileRef uid="59" />
              <SequencePoints />
              <BranchPoints />
            </Method>
            <Method skippedDueTo="AutoImplementedProperty" visited="false" cyclomaticComplexity="1" nPathComplexity="0" sequenceCoverage="0" branchCoverage="0" crapScore="0" isConstructor="false" isStatic="false" isGetter="false" isSetter="true">
              <MetadataToken>100663437</MetadataToken>
              <Name>System.Void BLL.DTOs.UserDTO::set_OwnedProducts(System.Collections.Generic.ICollection`1&lt;BLL.DTOs.ProductDTO&gt;)</Name>
              <FileRef uid="59" />
              <SequencePoints />
              <BranchPoints />
            </Method>
            <Method skippedDueTo="AutoImplementedProperty" visited="false" cyclomaticComplexity="1" nPathComplexity="0" sequenceCoverage="0" branchCoverage="0" crapScore="0" isConstructor="false" isStatic="false" isGetter="true" isSetter="false">
              <MetadataToken>100663438</MetadataToken>
              <Name>System.Collections.Generic.ICollection`1&lt;BLL.DTOs.LotDTO&gt; BLL.DTOs.UserDTO::get_WonLots()</Name>
              <FileRef uid="59" />
              <SequencePoints />
              <BranchPoints />
            </Method>
            <Method skippedDueTo="AutoImplementedProperty" visited="false" cyclomaticComplexity="1" nPathComplexity="0" sequenceCoverage="0" branchCoverage="0" crapScore="0" isConstructor="false" isStatic="false" isGetter="false" isSetter="true">
              <MetadataToken>100663439</MetadataToken>
              <Name>System.Void BLL.DTOs.UserDTO::set_WonLots(System.Collections.Generic.ICollection`1&lt;BLL.DTOs.LotDTO&gt;)</Name>
              <FileRef uid="59" />
              <SequencePoints />
              <BranchPoints />
            </Method>
            <Method skippedDueTo="AutoImplementedProperty" visited="false" cyclomaticComplexity="1" nPathComplexity="0" sequenceCoverage="0" branchCoverage="0" crapScore="0" isConstructor="false" isStatic="false" isGetter="true" isSetter="false">
              <MetadataToken>100663440</MetadataToken>
              <Name>System.String BLL.DTOs.UserDTO::get_Email()</Name>
              <FileRef uid="59" />
              <SequencePoints />
              <BranchPoints />
            </Method>
            <Method skippedDueTo="AutoImplementedProperty" visited="false" cyclomaticComplexity="1" nPathComplexity="0" sequenceCoverage="0" branchCoverage="0" crapScore="0" isConstructor="false" isStatic="false" isGetter="false" isSetter="true">
              <MetadataToken>100663441</MetadataToken>
              <Name>System.Void BLL.DTOs.UserDTO::set_Email(System.String)</Name>
              <FileRef uid="59" />
              <SequencePoints />
              <BranchPoints />
            </Method>
            <Method skippedDueTo="AutoImplementedProperty" visited="false" cyclomaticComplexity="1" nPathComplexity="0" sequenceCoverage="0" branchCoverage="0" crapScore="0" isConstructor="false" isStatic="false" isGetter="true" isSetter="false">
              <MetadataToken>100663442</MetadataToken>
              <Name>System.String BLL.DTOs.UserDTO::get_Password()</Name>
              <FileRef uid="59" />
              <SequencePoints />
              <BranchPoints />
            </Method>
            <Method skippedDueTo="AutoImplementedProperty" visited="false" cyclomaticComplexity="1" nPathComplexity="0" sequenceCoverage="0" branchCoverage="0" crapScore="0" isConstructor="false" isStatic="false" isGetter="false" isSetter="true">
              <MetadataToken>100663443</MetadataToken>
              <Name>System.Void BLL.DTOs.UserDTO::set_Password(System.String)</Name>
              <FileRef uid="59" />
              <SequencePoints />
              <BranchPoints />
            </Method>
            <Method skippedDueTo="AutoImplementedProperty" visited="false" cyclomaticComplexity="1" nPathComplexity="0" sequenceCoverage="0" branchCoverage="0" crapScore="0" isConstructor="false" isStatic="false" isGetter="true" isSetter="false">
              <MetadataToken>100663444</MetadataToken>
              <Name>System.String BLL.DTOs.UserDTO::get_UserName()</Name>
              <FileRef uid="59" />
              <SequencePoints />
              <BranchPoints />
            </Method>
            <Method skippedDueTo="AutoImplementedProperty" visited="false" cyclomaticComplexity="1" nPathComplexity="0" sequenceCoverage="0" branchCoverage="0" crapScore="0" isConstructor="false" isStatic="false" isGetter="false" isSetter="true">
              <MetadataToken>100663445</MetadataToken>
              <Name>System.Void BLL.DTOs.UserDTO::set_UserName(System.String)</Name>
              <FileRef uid="59" />
              <SequencePoints />
              <BranchPoints />
            </Method>
            <Method skippedDueTo="AutoImplementedProperty" visited="false" cyclomaticComplexity="1" nPathComplexity="0" sequenceCoverage="0" branchCoverage="0" crapScore="0" isConstructor="false" isStatic="false" isGetter="true" isSetter="false">
              <MetadataToken>100663446</MetadataToken>
              <Name>System.String BLL.DTOs.UserDTO::get_Role()</Name>
              <FileRef uid="59" />
              <SequencePoints />
              <BranchPoints />
            </Method>
            <Method skippedDueTo="AutoImplementedProperty" visited="false" cyclomaticComplexity="1" nPathComplexity="0" sequenceCoverage="0" branchCoverage="0" crapScore="0" isConstructor="false" isStatic="false" isGetter="false" isSetter="true">
              <MetadataToken>100663447</MetadataToken>
              <Name>System.Void BLL.DTOs.UserDTO::set_Role(System.String)</Name>
              <FileRef uid="59" />
              <SequencePoints />
              <BranchPoints />
            </Method>
            <Method visited="false" cyclomaticComplexity="1" nPathComplexity="0" sequenceCoverage="0" branchCoverage="0" crapScore="2" isConstructor="true" isStatic="false" isGetter="false" isSetter="false">
              <Summary numSequencePoints="5" visitedSequencePoints="0" numBranchPoints="1" visitedBranchPoints="0" sequenceCoverage="0" branchCoverage="0" maxCyclomaticComplexity="1" minCyclomaticComplexity="1" maxCrapScore="2" minCrapScore="2" visitedClasses="0" numClasses="0" visitedMethods="0" numMethods="1" />
              <MetadataToken>100663448</MetadataToken>
              <Name>System.Void BLL.DTOs.UserDTO::.ctor()</Name>
              <FileRef uid="59" />
              <SequencePoints>
                <SequencePoint vc="0" uspid="776" ordinal="0" offset="0" sl="22" sc="9" el="22" ec="25" bec="0" bev="0" fileid="59" />
                <SequencePoint vc="0" uspid="777" ordinal="1" offset="7" sl="23" sc="9" el="23" ec="10" bec="0" bev="0" fileid="59" />
                <SequencePoint vc="0" uspid="778" ordinal="2" offset="8" sl="24" sc="13" el="24" ec="52" bec="0" bev="0" fileid="59" />
                <SequencePoint vc="0" uspid="779" ordinal="3" offset="20" sl="25" sc="13" el="25" ec="42" bec="0" bev="0" fileid="59" />
                <SequencePoint vc="0" uspid="780" ordinal="4" offset="32" sl="26" sc="9" el="26" ec="10" bec="0" bev="0" fileid="59" />
              </SequencePoints>
              <BranchPoints />
              <MethodPoint xsi:type="SequencePoint" vc="0" uspid="776" ordinal="0" offset="0" sl="22" sc="9" el="22" ec="25" bec="0" bev="0" fileid="59" />
            </Method>
          </Methods>
        </Class>
      </Classes>
      <TrackedMethods />
    </Module>
  </Modules>
</CoverageSession>